#
# There is insufficient memory for the Java Runtime Environment to continue.
# Native memory allocation (malloc) failed to allocate 193936 bytes for Chunk::new
# Possible reasons:
#   The system is out of physical RAM or swap space
#   The process is running with CompressedOops enabled, and the Java Heap may be blocking the growth of the native heap
# Possible solutions:
#   Reduce memory load on the system
#   Increase physical memory or swap space
#   Check if swap backing store is full
#   Decrease Java heap size (-Xmx/-Xms)
#   Decrease number of Java threads
#   Decrease Java thread stack sizes (-Xss)
#   Set larger code cache with -XX:ReservedCodeCacheSize=
#   JVM is running with Unscaled Compressed Oops mode in which the Java heap is
#     placed in the first 4GB address space. The Java Heap base address is the
#     maximum limit for the native heap growth. Please use -XX:HeapBaseMinAddress
#     to set the Java Heap base and to place the Java Heap above 4GB virtual address.
# This output file may be truncated or incomplete.
#
#  Out of Memory Error (arena.cpp:189), pid=12644, tid=8536
#
# JRE version: OpenJDK Runtime Environment Temurin-17.0.7+7 (17.0.7+7) (build 17.0.7+7)
# Java VM: OpenJDK 64-Bit Server VM Temurin-17.0.7+7 (17.0.7+7, mixed mode, tiered, compressed oops, compressed class ptrs, parallel gc, windows-amd64)
# No core dump will be written. Minidumps are not enabled by default on client versions of Windows
#

---------------  S U M M A R Y ------------

Command Line: --add-modules=ALL-SYSTEM --add-opens=java.base/java.util=ALL-UNNAMED --add-opens=java.base/java.lang=ALL-UNNAMED --add-opens=java.base/sun.nio.fs=ALL-UNNAMED -Declipse.application=org.eclipse.jdt.ls.core.id1 -Dosgi.bundles.defaultStartLevel=4 -Declipse.product=org.eclipse.jdt.ls.core.product -Djava.import.generatesMetadataFilesAtProjectRoot=false -Dfile.encoding=utf8 -XX:+UseParallelGC -XX:GCTimeRatio=4 -XX:AdaptiveSizePolicyWeight=90 -Dsun.zip.disableMemoryMapping=true -Xmx1G -Xms100m -Xlog:disable -javaagent:c:\Users\Harsh Jethva\.vscode\extensions\redhat.java-1.18.0-win32-x64\lombok\lombok-1.18.27.jar c:\Users\Harsh Jethva\.vscode\extensions\redhat.java-1.18.0-win32-x64\server\plugins\org.eclipse.equinox.launcher_1.6.400.v20210924-0641.jar -configuration c:\Users\Harsh Jethva\AppData\Roaming\Code\User\globalStorage\redhat.java\1.18.0\config_ss_win -data c:\Users\Harsh Jethva\AppData\Roaming\Code\User\workspaceStorage\8849ff1e5c5581fa1acb79ac6cd23d1b\redhat.java\ss_ws

Host: AMD Ryzen 5 5600H with Radeon Graphics         , 12 cores, 7G,  Windows 11 , 64 bit Build 22621 (10.0.22621.1635)
Time: Mon May  8 10:59:29 2023 India Standard Time elapsed time: 0.876310 seconds (0d 0h 0m 0s)

---------------  T H R E A D  ---------------

Current thread (0x000001f44ea2ce20):  JavaThread "C2 CompilerThread0" daemon [_thread_in_native, id=8536, stack(0x0000002363000000,0x0000002363100000)]


Current CompileTask:
C2:    876  755   !   4       java.util.jar.Attributes::read (498 bytes)

Stack: [0x0000002363000000,0x0000002363100000]
Native frames: (J=compiled Java code, j=interpreted, Vv=VM code, C=native code)
V  [jvm.dll+0x67754a]
V  [jvm.dll+0x834304]
V  [jvm.dll+0x835aae]
V  [jvm.dll+0x836113]
V  [jvm.dll+0x24696f]
V  [jvm.dll+0xac0ac]
V  [jvm.dll+0xac67c]
V  [jvm.dll+0x364de2]
V  [jvm.dll+0x1bc895]
V  [jvm.dll+0x219799]
V  [jvm.dll+0x218a61]
V  [jvm.dll+0x1a4d8d]
V  [jvm.dll+0x2284da]
V  [jvm.dll+0x226615]
V  [jvm.dll+0x7ea90b]
V  [jvm.dll+0x7e4e7a]
V  [jvm.dll+0x676395]
C  [ucrtbase.dll+0x29363]
C  [KERNEL32.DLL+0x126ad]
C  [ntdll.dll+0x5a9f8]


---------------  P R O C E S S  ---------------

Threads class SMR info:
_java_thread_list=0x000001f44ed359e0, length=12, elements={
0x000001f43582a5b0, 0x000001f4358eac60, 0x000001f4358ee0c0, 0x000001f4496ac380,
0x000001f4496ace40, 0x000001f4496ad900, 0x000001f4496ae1c0, 0x000001f44ea2ce20,
0x000001f44ea2e660, 0x000001f44ea38e10, 0x000001f44eb84000, 0x000001f450040a40
}

Java Threads: ( => current thread )
  0x000001f43582a5b0 JavaThread "main" [_thread_in_Java, id=8236, stack(0x0000002362700000,0x0000002362800000)]
  0x000001f4358eac60 JavaThread "Reference Handler" daemon [_thread_blocked, id=12224, stack(0x0000002362a00000,0x0000002362b00000)]
  0x000001f4358ee0c0 JavaThread "Finalizer" daemon [_thread_blocked, id=3180, stack(0x0000002362b00000,0x0000002362c00000)]
  0x000001f4496ac380 JavaThread "Signal Dispatcher" daemon [_thread_blocked, id=20128, stack(0x0000002362c00000,0x0000002362d00000)]
  0x000001f4496ace40 JavaThread "Attach Listener" daemon [_thread_blocked, id=10316, stack(0x0000002362d00000,0x0000002362e00000)]
  0x000001f4496ad900 JavaThread "Service Thread" daemon [_thread_blocked, id=3460, stack(0x0000002362e00000,0x0000002362f00000)]
  0x000001f4496ae1c0 JavaThread "Monitor Deflation Thread" daemon [_thread_blocked, id=1772, stack(0x0000002362f00000,0x0000002363000000)]
=>0x000001f44ea2ce20 JavaThread "C2 CompilerThread0" daemon [_thread_in_native, id=8536, stack(0x0000002363000000,0x0000002363100000)]
  0x000001f44ea2e660 JavaThread "C1 CompilerThread0" daemon [_thread_in_native, id=18688, stack(0x0000002363100000,0x0000002363200000)]
  0x000001f44ea38e10 JavaThread "Sweeper thread" daemon [_thread_blocked, id=7000, stack(0x0000002363200000,0x0000002363300000)]
  0x000001f44eb84000 JavaThread "Common-Cleaner" daemon [_thread_blocked, id=9948, stack(0x0000002363300000,0x0000002363400000)]
  0x000001f450040a40 JavaThread "Notification Thread" daemon [_thread_blocked, id=19108, stack(0x0000002363400000,0x0000002363500000)]

Other Threads:
  0x000001f44e9f2170 VMThread "VM Thread" [stack: 0x0000002362900000,0x0000002362a00000] [id=11124]
  0x000001f44ed8ed40 WatcherThread [stack: 0x0000002363500000,0x0000002363600000] [id=14688]
  0x000001f4358418a0 GCTaskThread "GC Thread#0" [stack: 0x0000002362800000,0x0000002362900000] [id=10772]

Threads with active compile tasks:
C2 CompilerThread0      897  755   !   4       java.util.jar.Attributes::read (498 bytes)
C1 CompilerThread0      897  919       1       java.lang.invoke.MethodTypeForm::parameterSlotCount (5 bytes)

VM state: not at safepoint (normal execution)

VM Mutex/Monitor currently owned by a thread: None

Heap address: 0x00000000c0000000, size: 1024 MB, Compressed Oops mode: 32-bit

CDS archive(s) not mapped
Compressed class space mapped at: 0x0000000100000000-0x0000000140000000, reserved size: 1073741824
Narrow klass base: 0x0000000000000000, Narrow klass shift: 3, Narrow klass range: 0x140000000

GC Precious Log:
 CPUs: 12 total, 12 available
 Memory: 7521M
 Large Page Support: Disabled
 NUMA Support: Disabled
 Compressed Oops: Enabled (32-bit)
 Alignments: Space 512K, Generation 512K, Heap 2M
 Heap Min Capacity: 100M
 Heap Initial Capacity: 100M
 Heap Max Capacity: 1G
 Pre-touch: Disabled
 Parallel Workers: 10

Heap:
 PSYoungGen      total 29696K, used 24961K [0x00000000eab00000, 0x00000000ecc00000, 0x0000000100000000)
  eden space 25600K, 97% used [0x00000000eab00000,0x00000000ec3604a8,0x00000000ec400000)
  from space 4096K, 0% used [0x00000000ec800000,0x00000000ec800000,0x00000000ecc00000)
  to   space 4096K, 0% used [0x00000000ec400000,0x00000000ec400000,0x00000000ec800000)
 ParOldGen       total 68608K, used 0K [0x00000000c0000000, 0x00000000c4300000, 0x00000000eab00000)
  object space 68608K, 0% used [0x00000000c0000000,0x00000000c0000000,0x00000000c4300000)
 Metaspace       used 10920K, committed 11136K, reserved 1114112K
  class space    used 1085K, committed 1216K, reserved 1048576K

Card table byte_map: [0x000001f4351d0000,0x000001f4353e0000] _byte_map_base: 0x000001f434bd0000

Marking Bits: (ParMarkBitMap*) 0x00007ff9b98d52c0
 Begin Bits: [0x000001f4474b0000, 0x000001f4484b0000)
 End Bits:   [0x000001f4484b0000, 0x000001f4494b0000)

Polling page: 0x000001f433780000

Metaspace:

Usage:
  Non-class:      9.61 MB used.
      Class:      1.06 MB used.
       Both:     10.67 MB used.

Virtual space:
  Non-class space:       64.00 MB reserved,       9.69 MB ( 15%) committed,  1 nodes.
      Class space:        1.00 GB reserved,       1.19 MB ( <1%) committed,  1 nodes.
             Both:        1.06 GB reserved,      10.88 MB ( <1%) committed. 

Chunk freelists:
   Non-Class:  6.14 MB
       Class:  14.69 MB
        Both:  20.82 MB

MaxMetaspaceSize: unlimited
CompressedClassSpaceSize: 1.00 GB
Initial GC threshold: 21.00 MB
Current GC threshold: 21.00 MB
CDS: off
MetaspaceReclaimPolicy: balanced
 - commit_granule_bytes: 65536.
 - commit_granule_words: 8192.
 - virtual_space_node_default_size: 8388608.
 - enlarge_chunks_in_place: 1.
 - new_chunks_are_fully_committed: 0.
 - uncommit_free_chunks: 1.
 - use_allocation_guard: 0.
 - handle_deallocations: 1.


Internal statistics:

num_allocs_failed_limit: 0.
num_arena_births: 18.
num_arena_deaths: 0.
num_vsnodes_births: 2.
num_vsnodes_deaths: 0.
num_space_committed: 174.
num_space_uncommitted: 0.
num_chunks_returned_to_freelist: 0.
num_chunks_taken_from_freelist: 89.
num_chunk_merges: 0.
num_chunk_splits: 62.
num_chunks_enlarged: 55.
num_inconsistent_stats: 0.

CodeHeap 'non-profiled nmethods': size=120000Kb used=292Kb max_used=292Kb free=119707Kb
 bounds [0x000001f43ff80000, 0x000001f4401f0000, 0x000001f4474b0000]
CodeHeap 'profiled nmethods': size=120000Kb used=1586Kb max_used=1586Kb free=118413Kb
 bounds [0x000001f4384b0000, 0x000001f438720000, 0x000001f43f9e0000]
CodeHeap 'non-nmethods': size=5760Kb used=1139Kb max_used=1154Kb free=4620Kb
 bounds [0x000001f43f9e0000, 0x000001f43fc50000, 0x000001f43ff80000]
 total_blobs=1337 nmethods=907 adapters=345
 compilation: enabled
              stopped_count=0, restarted_count=0
 full_count=0

Compilation events (20 events):
Event: 0.864 Thread 0x000001f44ea2e660  878       3       java.security.MessageDigest::isEqual (100 bytes)
Event: 0.864 Thread 0x000001f44ea2e660 nmethod 878 0x000001f438629690 code [0x000001f438629860, 0x000001f438629c78]
Event: 0.864 Thread 0x000001f44ea2e660  877   !   3       jdk.internal.ref.PhantomCleanable::insert (53 bytes)
Event: 0.864 Thread 0x000001f44ea2e660 nmethod 877 0x000001f438629d90 code [0x000001f438629f20, 0x000001f43862a178]
Event: 0.864 Thread 0x000001f44ea2e660  879       3       jdk.internal.ref.CleanerFactory::cleaner (4 bytes)
Event: 0.864 Thread 0x000001f44ea2e660 nmethod 879 0x000001f43862a310 code [0x000001f43862a4a0, 0x000001f43862a598]
Event: 0.868 Thread 0x000001f44ea2e660  880       1       sun.security.provider.certpath.X509CertPath::getCertificates (5 bytes)
Event: 0.868 Thread 0x000001f44ea2e660 nmethod 880 0x000001f43ffc6910 code [0x000001f43ffc6aa0, 0x000001f43ffc6b78]
Event: 0.871 Thread 0x000001f44ea2e660  881       1       java.util.jar.Attributes$Name::toString (5 bytes)
Event: 0.871 Thread 0x000001f44ea2e660 nmethod 881 0x000001f43ffc6c10 code [0x000001f43ffc6da0, 0x000001f43ffc6e78]
Event: 0.872 Thread 0x000001f44ea2e660  882       1       jdk.internal.loader.URLClassPath$Loader::getBaseURL (5 bytes)
Event: 0.872 Thread 0x000001f44ea2e660 nmethod 882 0x000001f43ffc6f10 code [0x000001f43ffc70a0, 0x000001f43ffc7178]
Event: 0.872 Thread 0x000001f44ea2e660  883       3       java.util.concurrent.ConcurrentHashMap::sumCount (60 bytes)
Event: 0.873 Thread 0x000001f44ea2e660 nmethod 883 0x000001f43862a610 code [0x000001f43862a7c0, 0x000001f43862aa18]
Event: 0.873 Thread 0x000001f44ea2e660  884       3       java.util.Base64$Decoder::decodedOutLength (205 bytes)
Event: 0.873 Thread 0x000001f44ea2e660 nmethod 884 0x000001f43862ab10 code [0x000001f43862ad20, 0x000001f43862b468]
Event: 0.874 Thread 0x000001f44ea2e660  885       1       java.util.jar.Manifest::getMainAttributes (5 bytes)
Event: 0.874 Thread 0x000001f44ea2e660 nmethod 885 0x000001f43ffc7210 code [0x000001f43ffc73a0, 0x000001f43ffc7478]
Event: 0.874 Thread 0x000001f44ea2e660  886       3       java.util.ArrayList::clear (43 bytes)
Event: 0.874 Thread 0x000001f44ea2e660 nmethod 886 0x000001f43862b710 code [0x000001f43862b8c0, 0x000001f43862bbf8]

GC Heap History (0 events):
No events

Dll operation events (8 events):
Event: 0.010 Loaded shared library c:\Users\Harsh Jethva\.vscode\extensions\redhat.java-1.18.0-win32-x64\jre\17.0.7-win32-x86_64\bin\java.dll
Event: 0.194 Loaded shared library c:\Users\Harsh Jethva\.vscode\extensions\redhat.java-1.18.0-win32-x64\jre\17.0.7-win32-x86_64\bin\zip.dll
Event: 0.202 Loaded shared library C:\Users\Harsh Jethva\.vscode\extensions\redhat.java-1.18.0-win32-x64\jre\17.0.7-win32-x86_64\bin\instrument.dll
Event: 0.228 Loaded shared library C:\Users\Harsh Jethva\.vscode\extensions\redhat.java-1.18.0-win32-x64\jre\17.0.7-win32-x86_64\bin\net.dll
Event: 0.230 Loaded shared library C:\Users\Harsh Jethva\.vscode\extensions\redhat.java-1.18.0-win32-x64\jre\17.0.7-win32-x86_64\bin\nio.dll
Event: 0.239 Loaded shared library C:\Users\Harsh Jethva\.vscode\extensions\redhat.java-1.18.0-win32-x64\jre\17.0.7-win32-x86_64\bin\zip.dll
Event: 0.255 Loaded shared library C:\Users\Harsh Jethva\.vscode\extensions\redhat.java-1.18.0-win32-x64\jre\17.0.7-win32-x86_64\bin\jimage.dll
Event: 0.316 Loaded shared library c:\Users\Harsh Jethva\.vscode\extensions\redhat.java-1.18.0-win32-x64\jre\17.0.7-win32-x86_64\bin\verify.dll

Deoptimization events (20 events):
Event: 0.847 Thread 0x000001f43582a5b0 Uncommon trap: trap_request=0xffffffde fr.pc=0x000001f43ffba810 relative=0x0000000000000530
Event: 0.847 Thread 0x000001f43582a5b0 Uncommon trap: reason=class_check action=maybe_recompile pc=0x000001f43ffba810 method=java.util.Collections$UnmodifiableCollection$1.<init>(Ljava/util/Collections$UnmodifiableCollection;)V @ 17 c2
Event: 0.847 Thread 0x000001f43582a5b0 DEOPT PACKING pc=0x000001f43ffba810 sp=0x00000023627fe390
Event: 0.847 Thread 0x000001f43582a5b0 DEOPT UNPACKING pc=0x000001f43fa366a3 sp=0x00000023627fe2d8 mode 2
Event: 0.847 Thread 0x000001f43582a5b0 Uncommon trap: trap_request=0xffffffde fr.pc=0x000001f43ffa720c relative=0x00000000000001ec
Event: 0.847 Thread 0x000001f43582a5b0 Uncommon trap: reason=class_check action=maybe_recompile pc=0x000001f43ffa720c method=java.util.Collections$UnmodifiableCollection$1.next()Ljava/lang/Object; @ 4 c2
Event: 0.847 Thread 0x000001f43582a5b0 DEOPT PACKING pc=0x000001f43ffa720c sp=0x00000023627fe3a0
Event: 0.847 Thread 0x000001f43582a5b0 DEOPT UNPACKING pc=0x000001f43fa366a3 sp=0x00000023627fe350 mode 2
Event: 0.847 Thread 0x000001f43582a5b0 Uncommon trap: trap_request=0xffffffde fr.pc=0x000001f43ffa720c relative=0x00000000000001ec
Event: 0.847 Thread 0x000001f43582a5b0 Uncommon trap: reason=class_check action=maybe_recompile pc=0x000001f43ffa720c method=java.util.Collections$UnmodifiableCollection$1.next()Ljava/lang/Object; @ 4 c2
Event: 0.847 Thread 0x000001f43582a5b0 DEOPT PACKING pc=0x000001f43ffa720c sp=0x00000023627fe3a0
Event: 0.847 Thread 0x000001f43582a5b0 DEOPT UNPACKING pc=0x000001f43fa366a3 sp=0x00000023627fe350 mode 2
Event: 0.848 Thread 0x000001f43582a5b0 Uncommon trap: trap_request=0xffffffde fr.pc=0x000001f43ffba810 relative=0x0000000000000530
Event: 0.848 Thread 0x000001f43582a5b0 Uncommon trap: reason=class_check action=maybe_recompile pc=0x000001f43ffba810 method=java.util.Collections$UnmodifiableCollection$1.<init>(Ljava/util/Collections$UnmodifiableCollection;)V @ 17 c2
Event: 0.848 Thread 0x000001f43582a5b0 DEOPT PACKING pc=0x000001f43ffba810 sp=0x00000023627fe310
Event: 0.848 Thread 0x000001f43582a5b0 DEOPT UNPACKING pc=0x000001f43fa366a3 sp=0x00000023627fe258 mode 2
Event: 0.849 Thread 0x000001f43582a5b0 Uncommon trap: trap_request=0xffffffde fr.pc=0x000001f43ffba810 relative=0x0000000000000530
Event: 0.849 Thread 0x000001f43582a5b0 Uncommon trap: reason=class_check action=maybe_recompile pc=0x000001f43ffba810 method=java.util.Collections$UnmodifiableCollection$1.<init>(Ljava/util/Collections$UnmodifiableCollection;)V @ 17 c2
Event: 0.849 Thread 0x000001f43582a5b0 DEOPT PACKING pc=0x000001f43ffba810 sp=0x00000023627fe310
Event: 0.849 Thread 0x000001f43582a5b0 DEOPT UNPACKING pc=0x000001f43fa366a3 sp=0x00000023627fe258 mode 2

Classes unloaded (0 events):
No events

Classes redefined (0 events):
No events

Internal exceptions (12 events):
Event: 0.161 Thread 0x000001f43582a5b0 Exception <a 'java/lang/NoSuchMethodError'{0x00000000eacb25f0}: 'void java.lang.invoke.DirectMethodHandle$Holder.invokeStatic(java.lang.Object, java.lang.Object, java.lang.Object)'> (0x00000000eacb25f0) 
thrown [s\src\hotspot\share\interpreter\linkResolver.cpp, line 759]
Event: 0.338 Thread 0x000001f43582a5b0 Exception <a 'java/lang/reflect/InvocationTargetException'{0x00000000eaf881f8}> (0x00000000eaf881f8) 
thrown [s\src\hotspot\share\runtime\reflection.cpp, line 1121]
Event: 0.598 Thread 0x000001f43582a5b0 Exception <a 'java/lang/ClassNotFoundException'{0x00000000eb7a3870}: sun/net/www/protocol/c/Handler> (0x00000000eb7a3870) 
thrown [s\src\hotspot\share\classfile\systemDictionary.cpp, line 256]
Event: 0.601 Thread 0x000001f43582a5b0 Exception <a 'java/io/FileNotFoundException'{0x00000000eb7b7400}> (0x00000000eb7b7400) 
thrown [s\src\hotspot\share\prims\jni.cpp, line 516]
Event: 0.601 Thread 0x000001f43582a5b0 Exception <a 'java/io/FileNotFoundException'{0x00000000eb7b8168}> (0x00000000eb7b8168) 
thrown [s\src\hotspot\share\prims\jni.cpp, line 516]
Event: 0.601 Thread 0x000001f43582a5b0 Exception <a 'java/io/FileNotFoundException'{0x00000000eb7b8eb0}> (0x00000000eb7b8eb0) 
thrown [s\src\hotspot\share\prims\jni.cpp, line 516]
Event: 0.602 Thread 0x000001f43582a5b0 Exception <a 'java/io/FileNotFoundException'{0x00000000eb7b9bc8}> (0x00000000eb7b9bc8) 
thrown [s\src\hotspot\share\prims\jni.cpp, line 516]
Event: 0.608 Thread 0x000001f43582a5b0 Exception <a 'java/io/FileNotFoundException'{0x00000000eb7f4670}> (0x00000000eb7f4670) 
thrown [s\src\hotspot\share\prims\jni.cpp, line 516]
Event: 0.804 Thread 0x000001f43582a5b0 Exception <a 'java/lang/ClassNotFoundException'{0x00000000ec01d108}: sun/net/www/protocol/c/Handler> (0x00000000ec01d108) 
thrown [s\src\hotspot\share\classfile\systemDictionary.cpp, line 256]
Event: 0.805 Thread 0x000001f43582a5b0 Exception <a 'java/lang/ClassNotFoundException'{0x00000000ec01e480}: sun/net/www/protocol/h/Handler> (0x00000000ec01e480) 
thrown [s\src\hotspot\share\classfile\systemDictionary.cpp, line 256]
Event: 0.805 Thread 0x000001f43582a5b0 Exception <a 'java/lang/ClassNotFoundException'{0x00000000ec01f620}: sun/net/www/protocol/c/Handler> (0x00000000ec01f620) 
thrown [s\src\hotspot\share\classfile\systemDictionary.cpp, line 256]
Event: 0.813 Thread 0x000001f43582a5b0 Exception <a 'java/io/FileNotFoundException'{0x00000000ec03e7c8}> (0x00000000ec03e7c8) 
thrown [s\src\hotspot\share\prims\jni.cpp, line 516]

VM Operations (8 events):
Event: 0.168 Executing VM operation: HandshakeAllThreads
Event: 0.168 Executing VM operation: HandshakeAllThreads done
Event: 0.276 Executing VM operation: HandshakeAllThreads
Event: 0.276 Executing VM operation: HandshakeAllThreads done
Event: 0.580 Executing VM operation: HandshakeAllThreads
Event: 0.580 Executing VM operation: HandshakeAllThreads done
Event: 0.592 Executing VM operation: HandshakeAllThreads
Event: 0.592 Executing VM operation: HandshakeAllThreads done

Events (20 events):
Event: 0.834 loading class java/util/concurrent/locks/ReadWriteLock done
Event: 0.834 loading class java/util/concurrent/locks/ReentrantReadWriteLock done
Event: 0.834 loading class java/util/concurrent/locks/ReentrantReadWriteLock$NonfairSync
Event: 0.834 loading class java/util/concurrent/locks/ReentrantReadWriteLock$Sync
Event: 0.834 loading class java/util/concurrent/locks/ReentrantReadWriteLock$Sync done
Event: 0.834 loading class java/util/concurrent/locks/ReentrantReadWriteLock$NonfairSync done
Event: 0.834 loading class java/util/concurrent/locks/ReentrantReadWriteLock$Sync$ThreadLocalHoldCounter
Event: 0.834 loading class java/util/concurrent/locks/ReentrantReadWriteLock$Sync$ThreadLocalHoldCounter done
Event: 0.834 loading class java/util/concurrent/locks/ReentrantReadWriteLock$ReadLock
Event: 0.834 loading class java/util/concurrent/locks/ReentrantReadWriteLock$ReadLock done
Event: 0.834 loading class java/util/concurrent/locks/ReentrantReadWriteLock$WriteLock
Event: 0.834 loading class java/util/concurrent/locks/ReentrantReadWriteLock$WriteLock done
Event: 0.850 loading class java/net/URLClassLoader$3
Event: 0.850 loading class java/net/URLClassLoader$3 done
Event: 0.850 loading class java/net/URLClassLoader$3$1
Event: 0.850 loading class java/net/URLClassLoader$3$1 done
Event: 0.850 loading class jdk/internal/loader/URLClassPath$FileLoader
Event: 0.850 loading class jdk/internal/loader/URLClassPath$FileLoader done
Event: 0.873 loading class java/lang/NoSuchFieldError
Event: 0.873 loading class java/lang/NoSuchFieldError done


Dynamic libraries:
0x00007ff66a9f0000 - 0x00007ff66a9fe000 	c:\Users\Harsh Jethva\.vscode\extensions\redhat.java-1.18.0-win32-x64\jre\17.0.7-win32-x86_64\bin\java.exe
0x00007ffa19930000 - 0x00007ffa19b44000 	C:\WINDOWS\SYSTEM32\ntdll.dll
0x00007ffa17de0000 - 0x00007ffa17ea2000 	C:\WINDOWS\System32\KERNEL32.DLL
0x00007ffa171f0000 - 0x00007ffa17593000 	C:\WINDOWS\System32\KERNELBASE.dll
0x00007ffa16e10000 - 0x00007ffa16f21000 	C:\WINDOWS\System32\ucrtbase.dll
0x00007ffa08d10000 - 0x00007ffa08d29000 	c:\Users\Harsh Jethva\.vscode\extensions\redhat.java-1.18.0-win32-x64\jre\17.0.7-win32-x86_64\bin\VCRUNTIME140.dll
0x00007ffa07570000 - 0x00007ffa07587000 	c:\Users\Harsh Jethva\.vscode\extensions\redhat.java-1.18.0-win32-x64\jre\17.0.7-win32-x86_64\bin\jli.dll
0x00007ffa18810000 - 0x00007ffa189bb000 	C:\WINDOWS\System32\USER32.dll
0x00007ffa16f30000 - 0x00007ffa16f56000 	C:\WINDOWS\System32\win32u.dll
0x00007ff9fc500000 - 0x00007ff9fc78e000 	C:\WINDOWS\WinSxS\amd64_microsoft.windows.common-controls_6595b64144ccf1df_6.0.22621.1635_none_270f70857386168e\COMCTL32.dll
0x00007ffa17eb0000 - 0x00007ffa17ed9000 	C:\WINDOWS\System32\GDI32.dll
0x00007ffa170d0000 - 0x00007ffa171e8000 	C:\WINDOWS\System32\gdi32full.dll
0x00007ffa17690000 - 0x00007ffa1772a000 	C:\WINDOWS\System32\msvcp_win.dll
0x00007ffa19840000 - 0x00007ffa198e7000 	C:\WINDOWS\System32\msvcrt.dll
0x00007ffa19010000 - 0x00007ffa19041000 	C:\WINDOWS\System32\IMM32.DLL
0x00007ffa0fac0000 - 0x00007ffa0facc000 	c:\Users\Harsh Jethva\.vscode\extensions\redhat.java-1.18.0-win32-x64\jre\17.0.7-win32-x86_64\bin\vcruntime140_1.dll
0x00007ff9f6690000 - 0x00007ff9f6721000 	c:\Users\Harsh Jethva\.vscode\extensions\redhat.java-1.18.0-win32-x64\jre\17.0.7-win32-x86_64\bin\msvcp140.dll
0x00007ff9b8d50000 - 0x00007ff9b9998000 	c:\Users\Harsh Jethva\.vscode\extensions\redhat.java-1.18.0-win32-x64\jre\17.0.7-win32-x86_64\bin\server\jvm.dll
0x00007ffa189c0000 - 0x00007ffa18a6e000 	C:\WINDOWS\System32\ADVAPI32.dll
0x00007ffa19210000 - 0x00007ffa192b4000 	C:\WINDOWS\System32\sechost.dll
0x00007ffa17ee0000 - 0x00007ffa17ff7000 	C:\WINDOWS\System32\RPCRT4.dll
0x00007ff9e6c10000 - 0x00007ff9e6c19000 	C:\WINDOWS\SYSTEM32\WSOCK32.dll
0x00007ffa17d60000 - 0x00007ffa17dd1000 	C:\WINDOWS\System32\WS2_32.dll
0x00007ffa12ce0000 - 0x00007ffa12d14000 	C:\WINDOWS\SYSTEM32\WINMM.dll
0x00007ffa10cb0000 - 0x00007ffa10cba000 	C:\WINDOWS\SYSTEM32\VERSION.dll
0x00007ffa15d60000 - 0x00007ffa15d78000 	C:\WINDOWS\SYSTEM32\kernel.appcore.dll
0x00007ffa0f9c0000 - 0x00007ffa0f9ca000 	c:\Users\Harsh Jethva\.vscode\extensions\redhat.java-1.18.0-win32-x64\jre\17.0.7-win32-x86_64\bin\jimage.dll
0x00007ffa08ec0000 - 0x00007ffa090ee000 	C:\WINDOWS\SYSTEM32\DBGHELP.DLL
0x00007ffa193b0000 - 0x00007ffa19739000 	C:\WINDOWS\System32\combase.dll
0x00007ffa18a80000 - 0x00007ffa18b57000 	C:\WINDOWS\System32\OLEAUT32.dll
0x00007ffa07b50000 - 0x00007ffa07b82000 	C:\WINDOWS\SYSTEM32\dbgcore.DLL
0x00007ffa17610000 - 0x00007ffa1768b000 	C:\WINDOWS\System32\bcryptPrimitives.dll
0x00007ffa076d0000 - 0x00007ffa076de000 	c:\Users\Harsh Jethva\.vscode\extensions\redhat.java-1.18.0-win32-x64\jre\17.0.7-win32-x86_64\bin\instrument.dll
0x00007ffa06ef0000 - 0x00007ffa06f15000 	c:\Users\Harsh Jethva\.vscode\extensions\redhat.java-1.18.0-win32-x64\jre\17.0.7-win32-x86_64\bin\java.dll
0x00007ffa073b0000 - 0x00007ffa073c8000 	c:\Users\Harsh Jethva\.vscode\extensions\redhat.java-1.18.0-win32-x64\jre\17.0.7-win32-x86_64\bin\zip.dll
0x00007ffa18010000 - 0x00007ffa1880a000 	C:\WINDOWS\System32\SHELL32.dll
0x00007ffa14d00000 - 0x00007ffa155ce000 	C:\WINDOWS\SYSTEM32\windows.storage.dll
0x00007ffa14bc0000 - 0x00007ffa14cfe000 	C:\WINDOWS\SYSTEM32\wintypes.dll
0x00007ffa179b0000 - 0x00007ffa17aa1000 	C:\WINDOWS\System32\SHCORE.dll
0x00007ffa17be0000 - 0x00007ffa17c3e000 	C:\WINDOWS\System32\shlwapi.dll
0x00007ffa16c80000 - 0x00007ffa16ca1000 	C:\WINDOWS\SYSTEM32\profapi.dll
0x00007ffa06f40000 - 0x00007ffa06f59000 	C:\Users\Harsh Jethva\.vscode\extensions\redhat.java-1.18.0-win32-x64\jre\17.0.7-win32-x86_64\bin\net.dll
0x00007ffa12b80000 - 0x00007ffa12cb7000 	C:\WINDOWS\SYSTEM32\WINHTTP.dll
0x00007ffa161d0000 - 0x00007ffa16239000 	C:\WINDOWS\system32\mswsock.dll
0x00007ffa06ed0000 - 0x00007ffa06ee5000 	C:\Users\Harsh Jethva\.vscode\extensions\redhat.java-1.18.0-win32-x64\jre\17.0.7-win32-x86_64\bin\nio.dll
0x00007ffa07630000 - 0x00007ffa07640000 	c:\Users\Harsh Jethva\.vscode\extensions\redhat.java-1.18.0-win32-x64\jre\17.0.7-win32-x86_64\bin\verify.dll

dbghelp: loaded successfully - version: 4.0.5 - missing functions: none
symbol engine: initialized successfully - sym options: 0x614 - pdb path: .;c:\Users\Harsh Jethva\.vscode\extensions\redhat.java-1.18.0-win32-x64\jre\17.0.7-win32-x86_64\bin;C:\WINDOWS\SYSTEM32;C:\WINDOWS\WinSxS\amd64_microsoft.windows.common-controls_6595b64144ccf1df_6.0.22621.1635_none_270f70857386168e;c:\Users\Harsh Jethva\.vscode\extensions\redhat.java-1.18.0-win32-x64\jre\17.0.7-win32-x86_64\bin\server

VM Arguments:
jvm_args: --add-modules=ALL-SYSTEM --add-opens=java.base/java.util=ALL-UNNAMED --add-opens=java.base/java.lang=ALL-UNNAMED --add-opens=java.base/sun.nio.fs=ALL-UNNAMED -Declipse.application=org.eclipse.jdt.ls.core.id1 -Dosgi.bundles.defaultStartLevel=4 -Declipse.product=org.eclipse.jdt.ls.core.product -Djava.import.generatesMetadataFilesAtProjectRoot=false -Dfile.encoding=utf8 -XX:+UseParallelGC -XX:GCTimeRatio=4 -XX:AdaptiveSizePolicyWeight=90 -Dsun.zip.disableMemoryMapping=true -Xmx1G -Xms100m -Xlog:disable -javaagent:c:\Users\Harsh Jethva\.vscode\extensions\redhat.java-1.18.0-win32-x64\lombok\lombok-1.18.27.jar 
java_command: c:\Users\Harsh Jethva\.vscode\extensions\redhat.java-1.18.0-win32-x64\server\plugins\org.eclipse.equinox.launcher_1.6.400.v20210924-0641.jar -configuration c:\Users\Harsh Jethva\AppData\Roaming\Code\User\globalStorage\redhat.java\1.18.0\config_ss_win -data c:\Users\Harsh Jethva\AppData\Roaming\Code\User\workspaceStorage\8849ff1e5c5581fa1acb79ac6cd23d1b\redhat.java\ss_ws
java_class_path (initial): c:\Users\Harsh Jethva\.vscode\extensions\redhat.java-1.18.0-win32-x64\server\plugins\org.eclipse.equinox.launcher_1.6.400.v20210924-0641.jar
Launcher Type: SUN_STANDARD

[Global flags]
    uintx AdaptiveSizePolicyWeight                 = 90                                        {product} {command line}
     intx CICompilerCount                          = 4                                         {product} {ergonomic}
    uintx GCTimeRatio                              = 4                                         {product} {command line}
   size_t InitialHeapSize                          = 104857600                                 {product} {command line}
   size_t MaxHeapSize                              = 1073741824                                {product} {command line}
   size_t MaxNewSize                               = 357564416                                 {product} {ergonomic}
   size_t MinHeapDeltaBytes                        = 524288                                    {product} {ergonomic}
   size_t MinHeapSize                              = 104857600                                 {product} {command line}
   size_t NewSize                                  = 34603008                                  {product} {ergonomic}
    uintx NonNMethodCodeHeapSize                   = 5839372                                {pd product} {ergonomic}
    uintx NonProfiledCodeHeapSize                  = 122909434                              {pd product} {ergonomic}
   size_t OldSize                                  = 70254592                                  {product} {ergonomic}
    uintx ProfiledCodeHeapSize                     = 122909434                              {pd product} {ergonomic}
    uintx ReservedCodeCacheSize                    = 251658240                              {pd product} {ergonomic}
     bool SegmentedCodeCache                       = true                                      {product} {ergonomic}
   size_t SoftMaxHeapSize                          = 1073741824                             {manageable} {ergonomic}
     bool UseCompressedClassPointers               = true                           {product lp64_product} {ergonomic}
     bool UseCompressedOops                        = true                           {product lp64_product} {ergonomic}
     bool UseLargePagesIndividualAllocation        = false                                  {pd product} {ergonomic}
     bool UseParallelGC                            = true                                      {product} {command line}

Logging:
Log output configuration:
 #0: stdout all=off uptime,level,tags
 #1: stderr all=off uptime,level,tags

Environment Variables:
JAVA_HOME=C:\Program Files\Java\jdk-19
PATH=C:\Windows\system32;C:\Windows;C:\Windows\System32\Wbem;C:\Windows\System32\WindowsPowerShell\v1.0\;C:\Windows\System32\OpenSSH\;C:\Program Files\NVIDIA Corporation\NVIDIA NvDLISR;C:\Apps\JDk\bin;C:\Program Files\Microsoft SQL Server\130\Tools\Binn\;C:\Program Files (x86)\NVIDIA Corporation\PhysX\Common;C:\xampp\php;C:\ProgramData\ComposerSetup\bin;C:\WINDOWS\system32;C:\WINDOWS;C:\WINDOWS\System32\Wbem;C:\WINDOWS\System32\WindowsPowerShell\v1.0\;C:\WINDOWS\System32\OpenSSH\;C:\Program Files\Git\cmd;C:\Apps\nodejs\;C:\Program Files\Microsoft SQL Server\150\Tools\Binn\;C:\Apps\flutter\bin;C:\Program Files\Java\jdk-19\bin;C:\Users\Harsh Jethva\AppData\Local\Pub\Cache\bin;C:\Users\Harsh Jethva\AppData\Local\Programs\Python\Python311\Scripts\;C:\Users\Harsh Jethva\AppData\Local\Programs\Python\Python311\;C:\Users\Harsh Jethva\AppData\Local\Microsoft\WindowsApps;C:\Apps\IntelliJ IDEA Community Edition 2023.1\bin;;C:\Users\Harsh Jethva\AppData\Roaming\Composer\vendor\bin;C:\Apps\Microsoft VS Code\bin;C:\Users\Harsh Jethva\AppData\Roaming\npm;C:\Users\Harsh Jethva\AppData\Local\GitHubDesktop\bin;C:\Users\Harsh Jethva\AppData\Local\Pub\Cache\bin;
USERNAME=Harsh Jethva
OS=Windows_NT
PROCESSOR_IDENTIFIER=AMD64 Family 25 Model 80 Stepping 0, AuthenticAMD
TMP=C:\Users\Harsh Jethva\AppData\Local\Temp
TEMP=C:\Users\Harsh Jethva\AppData\Local\Temp



---------------  S Y S T E M  ---------------

OS:
 Windows 11 , 64 bit Build 22621 (10.0.22621.1635)
OS uptime: 0 days 19:24 hours
Hyper-V role detected

CPU: total 12 (initial active 12) (12 cores per cpu, 2 threads per core) family 25 model 80 stepping 0 microcode 0x0, cx8, cmov, fxsr, ht, mmx, 3dnowpref, sse, sse2, sse3, ssse3, sse4a, sse4.1, sse4.2, popcnt, lzcnt, tsc, tscinvbit, avx, avx2, aes, erms, clmul, bmi1, bmi2, adx, sha, fma, vzeroupper, clflush, clflushopt, hv

Memory: 4k page, system-wide physical 7521M (171M free)
TotalPageFile size 14521M (AvailPageFile size 71M)
current process WorkingSet (physical memory assigned to process): 70M, peak: 70M
current process commit charge ("private bytes"): 204M, peak: 205M

vm_info: OpenJDK 64-Bit Server VM (17.0.7+7) for windows-amd64 JRE (17.0.7+7), built on Apr 18 2023 22:10:42 by "temurin" with MS VC++ 16.7 (VS2019)

END.
