#
# There is insufficient memory for the Java Runtime Environment to continue.
# Native memory allocation (mmap) failed to map 65536 bytes for Failed to commit metaspace.
# Possible reasons:
#   The system is out of physical RAM or swap space
#   The process is running with CompressedOops enabled, and the Java Heap may be blocking the growth of the native heap
# Possible solutions:
#   Reduce memory load on the system
#   Increase physical memory or swap space
#   Check if swap backing store is full
#   Decrease Java heap size (-Xmx/-Xms)
#   Decrease number of Java threads
#   Decrease Java thread stack sizes (-Xss)
#   Set larger code cache with -XX:ReservedCodeCacheSize=
#   JVM is running with Unscaled Compressed Oops mode in which the Java heap is
#     placed in the first 4GB address space. The Java Heap base address is the
#     maximum limit for the native heap growth. Please use -XX:HeapBaseMinAddress
#     to set the Java Heap base and to place the Java Heap above 4GB virtual address.
# This output file may be truncated or incomplete.
#
#  Out of Memory Error (virtualSpaceNode.cpp:110), pid=7868, tid=144
#
# JRE version:  (17.0.7+7) (build )
# Java VM: OpenJDK 64-Bit Server VM (17.0.7+7, mixed mode, tiered, compressed oops, compressed class ptrs, parallel gc, windows-amd64)
# No core dump will be written. Minidumps are not enabled by default on client versions of Windows
#

---------------  S U M M A R Y ------------

Command Line: --add-modules=ALL-SYSTEM --add-opens=java.base/java.util=ALL-UNNAMED --add-opens=java.base/java.lang=ALL-UNNAMED --add-opens=java.base/sun.nio.fs=ALL-UNNAMED -Declipse.application=org.eclipse.jdt.ls.core.id1 -Dosgi.bundles.defaultStartLevel=4 -Declipse.product=org.eclipse.jdt.ls.core.product -Djava.import.generatesMetadataFilesAtProjectRoot=false -Dfile.encoding=utf8 -XX:+UseParallelGC -XX:GCTimeRatio=4 -XX:AdaptiveSizePolicyWeight=90 -Dsun.zip.disableMemoryMapping=true -Xmx1G -Xms100m -Xlog:disable -javaagent:c:\Users\Harsh Jethva\.vscode\extensions\redhat.java-1.18.0-win32-x64\lombok\lombok-1.18.27.jar -XX:+HeapDumpOnOutOfMemoryError -XX:HeapDumpPath=c:\Users\Harsh Jethva\AppData\Roaming\Code\User\workspaceStorage\8849ff1e5c5581fa1acb79ac6cd23d1b\redhat.java -Daether.dependencyCollector.impl=bf c:\Users\Harsh Jethva\.vscode\extensions\redhat.java-1.18.0-win32-x64\server\plugins\org.eclipse.equinox.launcher_1.6.400.v20210924-0641.jar -configuration c:\Users\Harsh Jethva\AppData\Roaming\Code\User\globalStorage\redhat.java\1.18.0\config_win -data c:\Users\Harsh Jethva\AppData\Roaming\Code\User\workspaceStorage\8849ff1e5c5581fa1acb79ac6cd23d1b\redhat.java\jdt_ws

Host: AMD Ryzen 5 5600H with Radeon Graphics         , 12 cores, 7G,  Windows 11 , 64 bit Build 22621 (10.0.22621.1635)
Time: Mon May  8 11:36:55 2023 India Standard Time elapsed time: 0.069897 seconds (0d 0h 0m 0s)

---------------  T H R E A D  ---------------

Current thread (0x0000020f3f81ea90):  JavaThread "main" [_thread_in_vm, id=144, stack(0x000000ad5fb00000,0x000000ad5fc00000)]

Stack: [0x000000ad5fb00000,0x000000ad5fc00000]
Native frames: (J=compiled Java code, j=interpreted, Vv=VM code, C=native code)
V  [jvm.dll+0x67754a]
V  [jvm.dll+0x834304]
V  [jvm.dll+0x835aae]
V  [jvm.dll+0x836113]
V  [jvm.dll+0x24696f]
V  [jvm.dll+0x83039b]
V  [jvm.dll+0x61c006]
V  [jvm.dll+0x61c06a]
V  [jvm.dll+0x61e89a]
V  [jvm.dll+0x61c9a6]
V  [jvm.dll+0x2442bc]
V  [jvm.dll+0x6cdf4d]
V  [jvm.dll+0x6ce97f]
V  [jvm.dll+0x371b23]
V  [jvm.dll+0x370bc4]
V  [jvm.dll+0x370b68]
V  [jvm.dll+0x560055]
V  [jvm.dll+0x55ef74]
V  [jvm.dll+0x384a64]
V  [jvm.dll+0x3840cf]
C  0x0000020f499e9cb9

Java frames: (J=compiled Java code, j=interpreted, Vv=VM code)
j  jdk.internal.misc.OSEnvironment.initialize()V+0 java.base
j  jdk.internal.misc.VM.initializeOSEnvironment()V+6 java.base
j  java.lang.System.initPhase1()V+117 java.base
v  ~StubRoutines::call_stub

---------------  P R O C E S S  ---------------

Threads class SMR info:
_java_thread_list=0x0000020f3f8d0850, length=3, elements={
0x0000020f3f81ea90, 0x0000020f3f8d1660, 0x0000020f3f8d47d0
}

Java Threads: ( => current thread )
=>0x0000020f3f81ea90 JavaThread "main" [_thread_in_vm, id=144, stack(0x000000ad5fb00000,0x000000ad5fc00000)]
  0x0000020f3f8d1660 JavaThread "Reference Handler" daemon [_thread_blocked, id=19628, stack(0x000000ad5fe00000,0x000000ad5ff00000)]
  0x0000020f3f8d47d0 JavaThread "Finalizer" daemon [_thread_blocked, id=9212, stack(0x000000ad5ff00000,0x000000ad60000000)]

Other Threads:
  0x0000020f5368f470 VMThread "VM Thread" [stack: 0x000000ad5fd00000,0x000000ad5fe00000] [id=1172]
  0x0000020f3f833a10 GCTaskThread "GC Thread#0" [stack: 0x000000ad5fc00000,0x000000ad5fd00000] [id=11100]

Threads with active compile tasks:

VM state: not at safepoint (normal execution)

VM Mutex/Monitor currently owned by a thread:  ([mutex/lock_event])
[0x0000020f3f819720] Metaspace_lock - owner thread: 0x0000020f3f81ea90

Heap address: 0x00000000c0000000, size: 1024 MB, Compressed Oops mode: 32-bit

CDS archive(s) not mapped
Compressed class space mapped at: 0x0000000100000000-0x0000000140000000, reserved size: 1073741824
Narrow klass base: 0x0000000000000000, Narrow klass shift: 3, Narrow klass range: 0x140000000

GC Precious Log:
 CPUs: 12 total, 12 available
 Memory: 7521M
 Large Page Support: Disabled
 NUMA Support: Disabled
 Compressed Oops: Enabled (32-bit)
 Alignments: Space 512K, Generation 512K, Heap 2M
 Heap Min Capacity: 100M
 Heap Initial Capacity: 100M
 Heap Max Capacity: 1G
 Pre-touch: Disabled
 Parallel Workers: 10

Heap:
 PSYoungGen      total 29696K, used 1024K [0x00000000eab00000, 0x00000000ecc00000, 0x0000000100000000)
  eden space 25600K, 4% used [0x00000000eab00000,0x00000000eac00138,0x00000000ec400000)
  from space 4096K, 0% used [0x00000000ec800000,0x00000000ec800000,0x00000000ecc00000)
  to   space 4096K, 0% used [0x00000000ec400000,0x00000000ec400000,0x00000000ec800000)
 ParOldGen       total 68608K, used 0K [0x00000000c0000000, 0x00000000c4300000, 0x00000000eab00000)
  object space 68608K, 0% used [0x00000000c0000000,0x00000000c0000000,0x00000000c4300000)
 Metaspace       used 2174K, committed 2176K, reserved 1114112K
  class space    used 190K, committed 192K, reserved 1048576K

Card table byte_map: [0x0000020f3f1f0000,0x0000020f3f400000] _byte_map_base: 0x0000020f3ebf0000

Marking Bits: (ParMarkBitMap*) 0x00007ff9b95052c0
 Begin Bits: [0x0000020f514a0000, 0x0000020f524a0000)
 End Bits:   [0x0000020f524a0000, 0x0000020f534a0000)

Polling page: 0x0000020f3efe0000

Metaspace:

Usage:
  Non-class:      1.94 MB used.
      Class:    190.50 KB used.
       Both:      2.12 MB used.

Virtual space:
  Non-class space:       64.00 MB reserved,       1.94 MB (  3%) committed,  1 nodes.
      Class space:        1.00 GB reserved,     192.00 KB ( <1%) committed,  1 nodes.
             Both:        1.06 GB reserved,       2.12 MB ( <1%) committed. 

Chunk freelists:
   Non-Class:  12.00 MB
       Class:  15.75 MB
        Both:  27.75 MB

MaxMetaspaceSize: unlimited
CompressedClassSpaceSize: 1.00 GB
Initial GC threshold: 21.00 MB
Current GC threshold: 17179869184.00 GB
CDS: off
MetaspaceReclaimPolicy: balanced
 - commit_granule_bytes: 65536.
 - commit_granule_words: 8192.
 - virtual_space_node_default_size: 8388608.
 - enlarge_chunks_in_place: 1.
 - new_chunks_are_fully_committed: 0.
 - uncommit_free_chunks: 1.
 - use_allocation_guard: 0.
 - handle_deallocations: 1.


Internal statistics:

num_allocs_failed_limit: 0.
num_arena_births: 2.
num_arena_deaths: 0.
num_vsnodes_births: 2.
num_vsnodes_deaths: 0.
num_space_committed: 34.
num_space_uncommitted: 0.
num_chunks_returned_to_freelist: 0.
num_chunks_taken_from_freelist: 3.
num_chunk_merges: 0.
num_chunk_splits: 2.
num_chunks_enlarged: 0.
num_inconsistent_stats: 0.

CodeHeap 'non-profiled nmethods': size=120000Kb used=0Kb max_used=0Kb free=120000Kb
 bounds [0x0000020f49f70000, 0x0000020f4a1e0000, 0x0000020f514a0000]
CodeHeap 'profiled nmethods': size=120000Kb used=0Kb max_used=0Kb free=120000Kb
 bounds [0x0000020f424a0000, 0x0000020f42710000, 0x0000020f499d0000]
CodeHeap 'non-nmethods': size=5760Kb used=395Kb max_used=395Kb free=5364Kb
 bounds [0x0000020f499d0000, 0x0000020f49c40000, 0x0000020f49f70000]
 total_blobs=197 nmethods=0 adapters=170
 compilation: enabled
              stopped_count=0, restarted_count=0
 full_count=0

Compilation events (0 events):
No events

GC Heap History (0 events):
No events

Dll operation events (1 events):
Event: 0.011 Loaded shared library c:\Users\Harsh Jethva\.vscode\extensions\redhat.java-1.18.0-win32-x64\jre\17.0.7-win32-x86_64\bin\java.dll

Deoptimization events (0 events):
No events

Classes unloaded (0 events):
No events

Classes redefined (0 events):
No events

Internal exceptions (0 events):
No events

VM Operations (0 events):
No events

Events (20 events):
Event: 0.067 loading class java/nio/ByteOrder
Event: 0.067 loading class java/nio/ByteOrder done
Event: 0.067 loading class java/io/BufferedWriter
Event: 0.067 loading class java/io/BufferedWriter done
Event: 0.067 loading class java/lang/Terminator
Event: 0.067 loading class java/lang/Terminator done
Event: 0.067 loading class java/lang/Terminator$1
Event: 0.067 loading class jdk/internal/misc/Signal$Handler
Event: 0.067 loading class jdk/internal/misc/Signal$Handler done
Event: 0.067 loading class java/lang/Terminator$1 done
Event: 0.067 loading class jdk/internal/misc/Signal
Event: 0.068 loading class jdk/internal/misc/Signal done
Event: 0.068 loading class java/util/Hashtable$Entry
Event: 0.068 loading class java/util/Hashtable$Entry done
Event: 0.068 loading class jdk/internal/misc/Signal$NativeHandler
Event: 0.068 loading class jdk/internal/misc/Signal$NativeHandler done
Event: 0.068 loading class jdk/internal/misc/OSEnvironment
Event: 0.068 loading class jdk/internal/misc/OSEnvironment done
Event: 0.068 loading class sun/io/Win32ErrorMode
Event: 0.068 loading class sun/io/Win32ErrorMode done


Dynamic libraries:
0x00007ff66edb0000 - 0x00007ff66edbe000 	c:\Users\Harsh Jethva\.vscode\extensions\redhat.java-1.18.0-win32-x64\jre\17.0.7-win32-x86_64\bin\java.exe
0x00007ffa19930000 - 0x00007ffa19b44000 	C:\WINDOWS\SYSTEM32\ntdll.dll
0x00007ffa17de0000 - 0x00007ffa17ea2000 	C:\WINDOWS\System32\KERNEL32.DLL
0x00007ffa171f0000 - 0x00007ffa17593000 	C:\WINDOWS\System32\KERNELBASE.dll
0x00007ffa16e10000 - 0x00007ffa16f21000 	C:\WINDOWS\System32\ucrtbase.dll
0x00007ffa04610000 - 0x00007ffa04627000 	c:\Users\Harsh Jethva\.vscode\extensions\redhat.java-1.18.0-win32-x64\jre\17.0.7-win32-x86_64\bin\jli.dll
0x00007ffa02d40000 - 0x00007ffa02d59000 	c:\Users\Harsh Jethva\.vscode\extensions\redhat.java-1.18.0-win32-x64\jre\17.0.7-win32-x86_64\bin\VCRUNTIME140.dll
0x00007ffa18810000 - 0x00007ffa189bb000 	C:\WINDOWS\System32\USER32.dll
0x00007ffa16f30000 - 0x00007ffa16f56000 	C:\WINDOWS\System32\win32u.dll
0x00007ffa17eb0000 - 0x00007ffa17ed9000 	C:\WINDOWS\System32\GDI32.dll
0x00007ffa170d0000 - 0x00007ffa171e8000 	C:\WINDOWS\System32\gdi32full.dll
0x00007ffa17690000 - 0x00007ffa1772a000 	C:\WINDOWS\System32\msvcp_win.dll
0x00007ff9fc500000 - 0x00007ff9fc78e000 	C:\WINDOWS\WinSxS\amd64_microsoft.windows.common-controls_6595b64144ccf1df_6.0.22621.1635_none_270f70857386168e\COMCTL32.dll
0x00007ffa19840000 - 0x00007ffa198e7000 	C:\WINDOWS\System32\msvcrt.dll
0x00007ffa19010000 - 0x00007ffa19041000 	C:\WINDOWS\System32\IMM32.DLL
0x00007ffa12fb0000 - 0x00007ffa12fbc000 	c:\Users\Harsh Jethva\.vscode\extensions\redhat.java-1.18.0-win32-x64\jre\17.0.7-win32-x86_64\bin\vcruntime140_1.dll
0x00007ff9f7630000 - 0x00007ff9f76c1000 	c:\Users\Harsh Jethva\.vscode\extensions\redhat.java-1.18.0-win32-x64\jre\17.0.7-win32-x86_64\bin\msvcp140.dll
0x00007ff9b8980000 - 0x00007ff9b95c8000 	c:\Users\Harsh Jethva\.vscode\extensions\redhat.java-1.18.0-win32-x64\jre\17.0.7-win32-x86_64\bin\server\jvm.dll
0x00007ffa189c0000 - 0x00007ffa18a6e000 	C:\WINDOWS\System32\ADVAPI32.dll
0x00007ffa19210000 - 0x00007ffa192b4000 	C:\WINDOWS\System32\sechost.dll
0x00007ffa17ee0000 - 0x00007ffa17ff7000 	C:\WINDOWS\System32\RPCRT4.dll
0x00007ff9e6c10000 - 0x00007ff9e6c19000 	C:\WINDOWS\SYSTEM32\WSOCK32.dll
0x00007ffa17d60000 - 0x00007ffa17dd1000 	C:\WINDOWS\System32\WS2_32.dll
0x00007ffa10cb0000 - 0x00007ffa10cba000 	C:\WINDOWS\SYSTEM32\VERSION.dll
0x00007ffa12ce0000 - 0x00007ffa12d14000 	C:\WINDOWS\SYSTEM32\WINMM.dll
0x00007ffa15d60000 - 0x00007ffa15d78000 	C:\WINDOWS\SYSTEM32\kernel.appcore.dll
0x00007ffa0fac0000 - 0x00007ffa0faca000 	c:\Users\Harsh Jethva\.vscode\extensions\redhat.java-1.18.0-win32-x64\jre\17.0.7-win32-x86_64\bin\jimage.dll
0x00007ffa08ec0000 - 0x00007ffa090ee000 	C:\WINDOWS\SYSTEM32\DBGHELP.DLL
0x00007ffa193b0000 - 0x00007ffa19739000 	C:\WINDOWS\System32\combase.dll
0x00007ffa18a80000 - 0x00007ffa18b57000 	C:\WINDOWS\System32\OLEAUT32.dll
0x00007ffa07b50000 - 0x00007ffa07b82000 	C:\WINDOWS\SYSTEM32\dbgcore.DLL
0x00007ffa17610000 - 0x00007ffa1768b000 	C:\WINDOWS\System32\bcryptPrimitives.dll
0x00007ffa0f9c0000 - 0x00007ffa0f9ce000 	c:\Users\Harsh Jethva\.vscode\extensions\redhat.java-1.18.0-win32-x64\jre\17.0.7-win32-x86_64\bin\instrument.dll
0x00007ffa003b0000 - 0x00007ffa003d5000 	c:\Users\Harsh Jethva\.vscode\extensions\redhat.java-1.18.0-win32-x64\jre\17.0.7-win32-x86_64\bin\java.dll
0x00007ff9f9490000 - 0x00007ff9f94a8000 	c:\Users\Harsh Jethva\.vscode\extensions\redhat.java-1.18.0-win32-x64\jre\17.0.7-win32-x86_64\bin\zip.dll
0x00007ffa18010000 - 0x00007ffa1880a000 	C:\WINDOWS\System32\SHELL32.dll
0x00007ffa14d00000 - 0x00007ffa155ce000 	C:\WINDOWS\SYSTEM32\windows.storage.dll
0x00007ffa14bc0000 - 0x00007ffa14cfe000 	C:\WINDOWS\SYSTEM32\wintypes.dll
0x00007ffa179b0000 - 0x00007ffa17aa1000 	C:\WINDOWS\System32\SHCORE.dll
0x00007ffa17be0000 - 0x00007ffa17c3e000 	C:\WINDOWS\System32\shlwapi.dll
0x00007ffa16c80000 - 0x00007ffa16ca1000 	C:\WINDOWS\SYSTEM32\profapi.dll

dbghelp: loaded successfully - version: 4.0.5 - missing functions: none
symbol engine: initialized successfully - sym options: 0x614 - pdb path: .;c:\Users\Harsh Jethva\.vscode\extensions\redhat.java-1.18.0-win32-x64\jre\17.0.7-win32-x86_64\bin;C:\WINDOWS\SYSTEM32;C:\WINDOWS\WinSxS\amd64_microsoft.windows.common-controls_6595b64144ccf1df_6.0.22621.1635_none_270f70857386168e;c:\Users\Harsh Jethva\.vscode\extensions\redhat.java-1.18.0-win32-x64\jre\17.0.7-win32-x86_64\bin\server

VM Arguments:
jvm_args: --add-modules=ALL-SYSTEM --add-opens=java.base/java.util=ALL-UNNAMED --add-opens=java.base/java.lang=ALL-UNNAMED --add-opens=java.base/sun.nio.fs=ALL-UNNAMED -Declipse.application=org.eclipse.jdt.ls.core.id1 -Dosgi.bundles.defaultStartLevel=4 -Declipse.product=org.eclipse.jdt.ls.core.product -Djava.import.generatesMetadataFilesAtProjectRoot=false -Dfile.encoding=utf8 -XX:+UseParallelGC -XX:GCTimeRatio=4 -XX:AdaptiveSizePolicyWeight=90 -Dsun.zip.disableMemoryMapping=true -Xmx1G -Xms100m -Xlog:disable -javaagent:c:\Users\Harsh Jethva\.vscode\extensions\redhat.java-1.18.0-win32-x64\lombok\lombok-1.18.27.jar -XX:+HeapDumpOnOutOfMemoryError -XX:HeapDumpPath=c:\Users\Harsh Jethva\AppData\Roaming\Code\User\workspaceStorage\8849ff1e5c5581fa1acb79ac6cd23d1b\redhat.java -Daether.dependencyCollector.impl=bf 
java_command: c:\Users\Harsh Jethva\.vscode\extensions\redhat.java-1.18.0-win32-x64\server\plugins\org.eclipse.equinox.launcher_1.6.400.v20210924-0641.jar -configuration c:\Users\Harsh Jethva\AppData\Roaming\Code\User\globalStorage\redhat.java\1.18.0\config_win -data c:\Users\Harsh Jethva\AppData\Roaming\Code\User\workspaceStorage\8849ff1e5c5581fa1acb79ac6cd23d1b\redhat.java\jdt_ws
java_class_path (initial): c:\Users\Harsh Jethva\.vscode\extensions\redhat.java-1.18.0-win32-x64\server\plugins\org.eclipse.equinox.launcher_1.6.400.v20210924-0641.jar
Launcher Type: SUN_STANDARD

[Global flags]
    uintx AdaptiveSizePolicyWeight                 = 90                                        {product} {command line}
     intx CICompilerCount                          = 4                                         {product} {ergonomic}
    uintx GCTimeRatio                              = 4                                         {product} {command line}
     bool HeapDumpOnOutOfMemoryError               = true                                   {manageable} {command line}
    ccstr HeapDumpPath                             = c:\Users\Harsh Jethva\AppData\Roaming\Code\User\workspaceStorage\8849ff1e5c5581fa1acb79ac6cd23d1b\redhat.java         {manageable} {command line}
   size_t InitialHeapSize                          = 104857600                                 {product} {command line}
   size_t MaxHeapSize                              = 1073741824                                {product} {command line}
   size_t MaxNewSize                               = 357564416                                 {product} {ergonomic}
   size_t MinHeapDeltaBytes                        = 524288                                    {product} {ergonomic}
   size_t MinHeapSize                              = 104857600                                 {product} {command line}
   size_t NewSize                                  = 34603008                                  {product} {ergonomic}
    uintx NonNMethodCodeHeapSize                   = 5839372                                {pd product} {ergonomic}
    uintx NonProfiledCodeHeapSize                  = 122909434                              {pd product} {ergonomic}
   size_t OldSize                                  = 70254592                                  {product} {ergonomic}
    uintx ProfiledCodeHeapSize                     = 122909434                              {pd product} {ergonomic}
    uintx ReservedCodeCacheSize                    = 251658240                              {pd product} {ergonomic}
     bool SegmentedCodeCache                       = true                                      {product} {ergonomic}
   size_t SoftMaxHeapSize                          = 1073741824                             {manageable} {ergonomic}
     bool UseCompressedClassPointers               = true                           {product lp64_product} {ergonomic}
     bool UseCompressedOops                        = true                           {product lp64_product} {ergonomic}
     bool UseLargePagesIndividualAllocation        = false                                  {pd product} {ergonomic}
     bool UseParallelGC                            = true                                      {product} {command line}

Logging:
Log output configuration:
 #0: stdout all=off uptime,level,tags
 #1: stderr all=off uptime,level,tags

Environment Variables:
JAVA_HOME=C:\Program Files\Java\jdk-19
PATH=C:\Windows\system32;C:\Windows;C:\Windows\System32\Wbem;C:\Windows\System32\WindowsPowerShell\v1.0\;C:\Windows\System32\OpenSSH\;C:\Program Files\NVIDIA Corporation\NVIDIA NvDLISR;C:\Apps\JDk\bin;C:\Program Files\Microsoft SQL Server\130\Tools\Binn\;C:\Program Files (x86)\NVIDIA Corporation\PhysX\Common;C:\xampp\php;C:\ProgramData\ComposerSetup\bin;C:\WINDOWS\system32;C:\WINDOWS;C:\WINDOWS\System32\Wbem;C:\WINDOWS\System32\WindowsPowerShell\v1.0\;C:\WINDOWS\System32\OpenSSH\;C:\Program Files\Git\cmd;C:\Apps\nodejs\;C:\Program Files\Microsoft SQL Server\150\Tools\Binn\;C:\Apps\flutter\bin;C:\Program Files\Java\jdk-19\bin;C:\Users\Harsh Jethva\AppData\Local\Pub\Cache\bin;C:\Users\Harsh Jethva\AppData\Local\Programs\Python\Python311\Scripts\;C:\Users\Harsh Jethva\AppData\Local\Programs\Python\Python311\;C:\Users\Harsh Jethva\AppData\Local\Microsoft\WindowsApps;C:\Apps\IntelliJ IDEA Community Edition 2023.1\bin;;C:\Users\Harsh Jethva\AppData\Roaming\Composer\vendor\bin;C:\Apps\Microsoft VS Code\bin;C:\Users\Harsh Jethva\AppData\Roaming\npm;C:\Users\Harsh Jethva\AppData\Local\GitHubDesktop\bin;C:\Users\Harsh Jethva\AppData\Local\Pub\Cache\bin;
USERNAME=Harsh Jethva
OS=Windows_NT
PROCESSOR_IDENTIFIER=AMD64 Family 25 Model 80 Stepping 0, AuthenticAMD
TMP=C:\Users\Harsh Jethva\AppData\Local\Temp
TEMP=C:\Users\Harsh Jethva\AppData\Local\Temp



---------------  S Y S T E M  ---------------

OS:
 Windows 11 , 64 bit Build 22621 (10.0.22621.1635)
OS uptime: 0 days 20:01 hours
Hyper-V role detected

CPU: total 12 (initial active 12) (12 cores per cpu, 2 threads per core) family 25 model 80 stepping 0 microcode 0x0, cx8, cmov, fxsr, ht, mmx, 3dnowpref, sse, sse2, sse3, ssse3, sse4a, sse4.1, sse4.2, popcnt, lzcnt, tsc, tscinvbit, avx, avx2, aes, erms, clmul, bmi1, bmi2, adx, sha, fma, vzeroupper, clflush, clflushopt, hv

Memory: 4k page, system-wide physical 7521M (1210M free)
TotalPageFile size 14521M (AvailPageFile size 2M)
current process WorkingSet (physical memory assigned to process): 20M, peak: 20M
current process commit charge ("private bytes"): 184M, peak: 184M

vm_info: OpenJDK 64-Bit Server VM (17.0.7+7) for windows-amd64 JRE (17.0.7+7), built on Apr 18 2023 22:10:42 by "temurin" with MS VC++ 16.7 (VS2019)

END.
