#
# There is insufficient memory for the Java Runtime Environment to continue.
# Native memory allocation (malloc) failed to allocate 65552 bytes for Chunk::new
# Possible reasons:
#   The system is out of physical RAM or swap space
#   The process is running with CompressedOops enabled, and the Java Heap may be blocking the growth of the native heap
# Possible solutions:
#   Reduce memory load on the system
#   Increase physical memory or swap space
#   Check if swap backing store is full
#   Decrease Java heap size (-Xmx/-Xms)
#   Decrease number of Java threads
#   Decrease Java thread stack sizes (-Xss)
#   Set larger code cache with -XX:ReservedCodeCacheSize=
#   JVM is running with Unscaled Compressed Oops mode in which the Java heap is
#     placed in the first 4GB address space. The Java Heap base address is the
#     maximum limit for the native heap growth. Please use -XX:HeapBaseMinAddress
#     to set the Java Heap base and to place the Java Heap above 4GB virtual address.
# This output file may be truncated or incomplete.
#
#  Out of Memory Error (arena.cpp:184), pid=7760, tid=7184
#
# JRE version: Java(TM) SE Runtime Environment (19.0+36) (build 19+36-2238)
# Java VM: Java HotSpot(TM) 64-Bit Server VM (19+36-2238, mixed mode, sharing, tiered, compressed oops, compressed class ptrs, g1 gc, windows-amd64)
# No core dump will be written. Minidumps are not enabled by default on client versions of Windows
#

---------------  S U M M A R Y ------------

Command Line: -Dfile.encoding=utf8 c:\Users\Harsh Jethva\.vscode\extensions\vscjava.vscode-gradle-3.12.7\lib\gradle-language-server.jar

Host: AMD Ryzen 5 5600H with Radeon Graphics         , 12 cores, 7G,  Windows 11 , 64 bit Build 22621 (10.0.22621.1635)
Time: Mon May  8 11:36:55 2023 India Standard Time elapsed time: 0.470529 seconds (0d 0h 0m 0s)

---------------  T H R E A D  ---------------

Current thread (0x00000241f3bee440):  JavaThread "C2 CompilerThread0" daemon [_thread_in_native, id=7184, stack(0x0000009bdef00000,0x0000009bdf000000)]


Current CompileTask:
C2:    470  595   !   4       sun.nio.fs.WindowsPath::initOffsets (153 bytes)

Stack: [0x0000009bdef00000,0x0000009bdf000000]
Native frames: (J=compiled Java code, j=interpreted, Vv=VM code, C=native code)
V  [jvm.dll+0x6ee8fa]
V  [jvm.dll+0x857a1e]
V  [jvm.dll+0x85940e]
V  [jvm.dll+0x859ac3]
V  [jvm.dll+0x28291f]
V  [jvm.dll+0xc9b5f]
V  [jvm.dll+0xc9ee5]
V  [jvm.dll+0xc9c84]
V  [jvm.dll+0x715b2f]
V  [jvm.dll+0x1db2e3]
V  [jvm.dll+0x71421d]
V  [jvm.dll+0x6791c7]
V  [jvm.dll+0x24c0f0]
V  [jvm.dll+0x24b671]
V  [jvm.dll+0x1d6d61]
V  [jvm.dll+0x25b0fa]
V  [jvm.dll+0x259588]
V  [jvm.dll+0x807928]
V  [jvm.dll+0x8015fa]
V  [jvm.dll+0x6ed5eb]
C  [ucrtbase.dll+0x29363]
C  [KERNEL32.DLL+0x126ad]
C  [ntdll.dll+0x5a9f8]


---------------  P R O C E S S  ---------------

Threads class SMR info:
_java_thread_list=0x00000241f82da8c0, length=13, elements={
0x00000241d54d8df0, 0x00000241f3be7590, 0x00000241f3be7ec0, 0x00000241f3be87f0,
0x00000241f3beb950, 0x00000241f3bec690, 0x00000241f3bed1d0, 0x00000241f3bee440,
0x00000241f3befa60, 0x00000241f3bf03d0, 0x00000241f81071f0, 0x00000241f810de10,
0x00000241f8460810
}

Java Threads: ( => current thread )
  0x00000241d54d8df0 JavaThread "main" [_thread_in_vm, id=13420, stack(0x0000009bde200000,0x0000009bde300000)]
  0x00000241f3be7590 JavaThread "Reference Handler" daemon [_thread_blocked, id=6176, stack(0x0000009bde900000,0x0000009bdea00000)]
  0x00000241f3be7ec0 JavaThread "Finalizer" daemon [_thread_blocked, id=2536, stack(0x0000009bdea00000,0x0000009bdeb00000)]
  0x00000241f3be87f0 JavaThread "Signal Dispatcher" daemon [_thread_blocked, id=7296, stack(0x0000009bdeb00000,0x0000009bdec00000)]
  0x00000241f3beb950 JavaThread "Attach Listener" daemon [_thread_blocked, id=8852, stack(0x0000009bdec00000,0x0000009bded00000)]
  0x00000241f3bec690 JavaThread "Service Thread" daemon [_thread_blocked, id=14368, stack(0x0000009bded00000,0x0000009bdee00000)]
  0x00000241f3bed1d0 JavaThread "Monitor Deflation Thread" daemon [_thread_blocked, id=15604, stack(0x0000009bdee00000,0x0000009bdef00000)]
=>0x00000241f3bee440 JavaThread "C2 CompilerThread0" daemon [_thread_in_native, id=7184, stack(0x0000009bdef00000,0x0000009bdf000000)]
  0x00000241f3befa60 JavaThread "C1 CompilerThread0" daemon [_thread_in_native, id=19392, stack(0x0000009bdf000000,0x0000009bdf100000)]
  0x00000241f3bf03d0 JavaThread "Sweeper thread" daemon [_thread_blocked, id=3880, stack(0x0000009bdf100000,0x0000009bdf200000)]
  0x00000241f81071f0 JavaThread "Notification Thread" daemon [_thread_blocked, id=10520, stack(0x0000009bdf200000,0x0000009bdf300000)]
  0x00000241f810de10 JavaThread "Common-Cleaner" daemon [_thread_blocked, id=18892, stack(0x0000009bdf400000,0x0000009bdf500000)]
  0x00000241f8460810 JavaThread "C2 CompilerThread1" daemon [_thread_in_native, id=9164, stack(0x0000009bdf500000,0x0000009bdf600000)]

Other Threads:
  0x00000241f3bc9620 VMThread "VM Thread" [stack: 0x0000009bde800000,0x0000009bde900000] [id=13500]
  0x00000241f8109b50 WatcherThread "VM Periodic Task Thread" [stack: 0x0000009bdf300000,0x0000009bdf400000] [id=19208]
  0x00000241d5535e80 WorkerThread "GC Thread#0" [stack: 0x0000009bde300000,0x0000009bde400000] [id=18152]
  0x00000241d5562150 ConcurrentGCThread "G1 Main Marker" [stack: 0x0000009bde400000,0x0000009bde500000] [id=7404]
  0x00000241d5564330 WorkerThread "G1 Conc#0" [stack: 0x0000009bde500000,0x0000009bde600000] [id=2336]
  0x00000241f3a83cd0 ConcurrentGCThread "G1 Refine#0" [stack: 0x0000009bde600000,0x0000009bde700000] [id=17980]
  0x00000241f3a864d0 ConcurrentGCThread "G1 Service" [stack: 0x0000009bde700000,0x0000009bde800000] [id=16656]

Threads with active compile tasks:
C2 CompilerThread0      495  595   !   4       sun.nio.fs.WindowsPath::initOffsets (153 bytes)
C1 CompilerThread0      495  661   !   3       java.util.zip.Inflater::inflate (410 bytes)
C2 CompilerThread1      495  609       4       sun.nio.fs.WindowsPath::elementAsString (62 bytes)

VM state: not at safepoint (normal execution)

VM Mutex/Monitor currently owned by a thread: None

Heap address: 0x000000008a600000, size: 1882 MB, Compressed Oops mode: 32-bit

CDS archive(s) mapped at: [0x0000000800000000-0x0000000800c40000-0x0000000800c40000), size 12845056, SharedBaseAddress: 0x0000000800000000, ArchiveRelocationMode: 0.
Compressed class space mapped at: 0x0000000801000000-0x0000000841000000, reserved size: 1073741824
Narrow klass base: 0x0000000800000000, Narrow klass shift: 0, Narrow klass range: 0x100000000

GC Precious Log:
 CardTable entry size: 512
 Card Set container configuration: InlinePtr #cards 5 size 8 Array Of Cards #cards 12 size 40 Howl #buckets 4 coarsen threshold 1843 Howl Bitmap #cards 512 size 80 coarsen threshold 460 Card regions per heap region 1 cards per card region 2048
 CPUs: 12 total, 12 available
 Memory: 7521M
 Large Page Support: Disabled
 NUMA Support: Disabled
 Compressed Oops: Enabled (32-bit)
 Heap Region Size: 1M
 Heap Min Capacity: 8M
 Heap Initial Capacity: 118M
 Heap Max Capacity: 1882M
 Pre-touch: Disabled
 Parallel Workers: 10
 Concurrent Workers: 3
 Concurrent Refinement Workers: 10
 Periodic GC: Disabled

Heap:
 garbage-first heap   total 120832K, used 9216K [0x000000008a600000, 0x0000000100000000)
  region size 1024K, 10 young (10240K), 0 survivors (0K)
 Metaspace       used 3630K, committed 3712K, reserved 1114112K
  class space    used 347K, committed 384K, reserved 1048576K

Heap Regions: E=young(eden), S=young(survivor), O=old, HS=humongous(starts), HC=humongous(continues), CS=collection set, F=free, OA=open archive, CA=closed archive, TAMS=top-at-mark-start (previous, next)
|   0|0x000000008a600000, 0x000000008a700000, 0x000000008a700000|100%|HS|  |TAMS 0x000000008a600000, 0x000000008a600000| Complete 
|   1|0x000000008a700000, 0x000000008a700000, 0x000000008a800000|  0%| F|  |TAMS 0x000000008a700000, 0x000000008a700000| Untracked 
|   2|0x000000008a800000, 0x000000008a800000, 0x000000008a900000|  0%| F|  |TAMS 0x000000008a800000, 0x000000008a800000| Untracked 
|   3|0x000000008a900000, 0x000000008a900000, 0x000000008aa00000|  0%| F|  |TAMS 0x000000008a900000, 0x000000008a900000| Untracked 
|   4|0x000000008aa00000, 0x000000008aa00000, 0x000000008ab00000|  0%| F|  |TAMS 0x000000008aa00000, 0x000000008aa00000| Untracked 
|   5|0x000000008ab00000, 0x000000008ab00000, 0x000000008ac00000|  0%| F|  |TAMS 0x000000008ab00000, 0x000000008ab00000| Untracked 
|   6|0x000000008ac00000, 0x000000008ac00000, 0x000000008ad00000|  0%| F|  |TAMS 0x000000008ac00000, 0x000000008ac00000| Untracked 
|   7|0x000000008ad00000, 0x000000008ad00000, 0x000000008ae00000|  0%| F|  |TAMS 0x000000008ad00000, 0x000000008ad00000| Untracked 
|   8|0x000000008ae00000, 0x000000008ae00000, 0x000000008af00000|  0%| F|  |TAMS 0x000000008ae00000, 0x000000008ae00000| Untracked 
|   9|0x000000008af00000, 0x000000008af00000, 0x000000008b000000|  0%| F|  |TAMS 0x000000008af00000, 0x000000008af00000| Untracked 
|  10|0x000000008b000000, 0x000000008b000000, 0x000000008b100000|  0%| F|  |TAMS 0x000000008b000000, 0x000000008b000000| Untracked 
|  11|0x000000008b100000, 0x000000008b100000, 0x000000008b200000|  0%| F|  |TAMS 0x000000008b100000, 0x000000008b100000| Untracked 
|  12|0x000000008b200000, 0x000000008b200000, 0x000000008b300000|  0%| F|  |TAMS 0x000000008b200000, 0x000000008b200000| Untracked 
|  13|0x000000008b300000, 0x000000008b300000, 0x000000008b400000|  0%| F|  |TAMS 0x000000008b300000, 0x000000008b300000| Untracked 
|  14|0x000000008b400000, 0x000000008b400000, 0x000000008b500000|  0%| F|  |TAMS 0x000000008b400000, 0x000000008b400000| Untracked 
|  15|0x000000008b500000, 0x000000008b500000, 0x000000008b600000|  0%| F|  |TAMS 0x000000008b500000, 0x000000008b500000| Untracked 
|  16|0x000000008b600000, 0x000000008b600000, 0x000000008b700000|  0%| F|  |TAMS 0x000000008b600000, 0x000000008b600000| Untracked 
|  17|0x000000008b700000, 0x000000008b700000, 0x000000008b800000|  0%| F|  |TAMS 0x000000008b700000, 0x000000008b700000| Untracked 
|  18|0x000000008b800000, 0x000000008b800000, 0x000000008b900000|  0%| F|  |TAMS 0x000000008b800000, 0x000000008b800000| Untracked 
|  19|0x000000008b900000, 0x000000008b900000, 0x000000008ba00000|  0%| F|  |TAMS 0x000000008b900000, 0x000000008b900000| Untracked 
|  20|0x000000008ba00000, 0x000000008ba00000, 0x000000008bb00000|  0%| F|  |TAMS 0x000000008ba00000, 0x000000008ba00000| Untracked 
|  21|0x000000008bb00000, 0x000000008bb00000, 0x000000008bc00000|  0%| F|  |TAMS 0x000000008bb00000, 0x000000008bb00000| Untracked 
|  22|0x000000008bc00000, 0x000000008bc00000, 0x000000008bd00000|  0%| F|  |TAMS 0x000000008bc00000, 0x000000008bc00000| Untracked 
|  23|0x000000008bd00000, 0x000000008bd00000, 0x000000008be00000|  0%| F|  |TAMS 0x000000008bd00000, 0x000000008bd00000| Untracked 
|  24|0x000000008be00000, 0x000000008be00000, 0x000000008bf00000|  0%| F|  |TAMS 0x000000008be00000, 0x000000008be00000| Untracked 
|  25|0x000000008bf00000, 0x000000008bf00000, 0x000000008c000000|  0%| F|  |TAMS 0x000000008bf00000, 0x000000008bf00000| Untracked 
|  26|0x000000008c000000, 0x000000008c000000, 0x000000008c100000|  0%| F|  |TAMS 0x000000008c000000, 0x000000008c000000| Untracked 
|  27|0x000000008c100000, 0x000000008c100000, 0x000000008c200000|  0%| F|  |TAMS 0x000000008c100000, 0x000000008c100000| Untracked 
|  28|0x000000008c200000, 0x000000008c200000, 0x000000008c300000|  0%| F|  |TAMS 0x000000008c200000, 0x000000008c200000| Untracked 
|  29|0x000000008c300000, 0x000000008c300000, 0x000000008c400000|  0%| F|  |TAMS 0x000000008c300000, 0x000000008c300000| Untracked 
|  30|0x000000008c400000, 0x000000008c400000, 0x000000008c500000|  0%| F|  |TAMS 0x000000008c400000, 0x000000008c400000| Untracked 
|  31|0x000000008c500000, 0x000000008c500000, 0x000000008c600000|  0%| F|  |TAMS 0x000000008c500000, 0x000000008c500000| Untracked 
|  32|0x000000008c600000, 0x000000008c600000, 0x000000008c700000|  0%| F|  |TAMS 0x000000008c600000, 0x000000008c600000| Untracked 
|  33|0x000000008c700000, 0x000000008c700000, 0x000000008c800000|  0%| F|  |TAMS 0x000000008c700000, 0x000000008c700000| Untracked 
|  34|0x000000008c800000, 0x000000008c800000, 0x000000008c900000|  0%| F|  |TAMS 0x000000008c800000, 0x000000008c800000| Untracked 
|  35|0x000000008c900000, 0x000000008c900000, 0x000000008ca00000|  0%| F|  |TAMS 0x000000008c900000, 0x000000008c900000| Untracked 
|  36|0x000000008ca00000, 0x000000008ca00000, 0x000000008cb00000|  0%| F|  |TAMS 0x000000008ca00000, 0x000000008ca00000| Untracked 
|  37|0x000000008cb00000, 0x000000008cb00000, 0x000000008cc00000|  0%| F|  |TAMS 0x000000008cb00000, 0x000000008cb00000| Untracked 
|  38|0x000000008cc00000, 0x000000008cc00000, 0x000000008cd00000|  0%| F|  |TAMS 0x000000008cc00000, 0x000000008cc00000| Untracked 
|  39|0x000000008cd00000, 0x000000008cd00000, 0x000000008ce00000|  0%| F|  |TAMS 0x000000008cd00000, 0x000000008cd00000| Untracked 
|  40|0x000000008ce00000, 0x000000008ce00000, 0x000000008cf00000|  0%| F|  |TAMS 0x000000008ce00000, 0x000000008ce00000| Untracked 
|  41|0x000000008cf00000, 0x000000008cf00000, 0x000000008d000000|  0%| F|  |TAMS 0x000000008cf00000, 0x000000008cf00000| Untracked 
|  42|0x000000008d000000, 0x000000008d000000, 0x000000008d100000|  0%| F|  |TAMS 0x000000008d000000, 0x000000008d000000| Untracked 
|  43|0x000000008d100000, 0x000000008d100000, 0x000000008d200000|  0%| F|  |TAMS 0x000000008d100000, 0x000000008d100000| Untracked 
|  44|0x000000008d200000, 0x000000008d200000, 0x000000008d300000|  0%| F|  |TAMS 0x000000008d200000, 0x000000008d200000| Untracked 
|  45|0x000000008d300000, 0x000000008d300000, 0x000000008d400000|  0%| F|  |TAMS 0x000000008d300000, 0x000000008d300000| Untracked 
|  46|0x000000008d400000, 0x000000008d400000, 0x000000008d500000|  0%| F|  |TAMS 0x000000008d400000, 0x000000008d400000| Untracked 
|  47|0x000000008d500000, 0x000000008d500000, 0x000000008d600000|  0%| F|  |TAMS 0x000000008d500000, 0x000000008d500000| Untracked 
|  48|0x000000008d600000, 0x000000008d600000, 0x000000008d700000|  0%| F|  |TAMS 0x000000008d600000, 0x000000008d600000| Untracked 
|  49|0x000000008d700000, 0x000000008d700000, 0x000000008d800000|  0%| F|  |TAMS 0x000000008d700000, 0x000000008d700000| Untracked 
|  50|0x000000008d800000, 0x000000008d800000, 0x000000008d900000|  0%| F|  |TAMS 0x000000008d800000, 0x000000008d800000| Untracked 
|  51|0x000000008d900000, 0x000000008d900000, 0x000000008da00000|  0%| F|  |TAMS 0x000000008d900000, 0x000000008d900000| Untracked 
|  52|0x000000008da00000, 0x000000008da00000, 0x000000008db00000|  0%| F|  |TAMS 0x000000008da00000, 0x000000008da00000| Untracked 
|  53|0x000000008db00000, 0x000000008db00000, 0x000000008dc00000|  0%| F|  |TAMS 0x000000008db00000, 0x000000008db00000| Untracked 
|  54|0x000000008dc00000, 0x000000008dc00000, 0x000000008dd00000|  0%| F|  |TAMS 0x000000008dc00000, 0x000000008dc00000| Untracked 
|  55|0x000000008dd00000, 0x000000008dd00000, 0x000000008de00000|  0%| F|  |TAMS 0x000000008dd00000, 0x000000008dd00000| Untracked 
|  56|0x000000008de00000, 0x000000008de00000, 0x000000008df00000|  0%| F|  |TAMS 0x000000008de00000, 0x000000008de00000| Untracked 
|  57|0x000000008df00000, 0x000000008df00000, 0x000000008e000000|  0%| F|  |TAMS 0x000000008df00000, 0x000000008df00000| Untracked 
|  58|0x000000008e000000, 0x000000008e000000, 0x000000008e100000|  0%| F|  |TAMS 0x000000008e000000, 0x000000008e000000| Untracked 
|  59|0x000000008e100000, 0x000000008e100000, 0x000000008e200000|  0%| F|  |TAMS 0x000000008e100000, 0x000000008e100000| Untracked 
|  60|0x000000008e200000, 0x000000008e200000, 0x000000008e300000|  0%| F|  |TAMS 0x000000008e200000, 0x000000008e200000| Untracked 
|  61|0x000000008e300000, 0x000000008e300000, 0x000000008e400000|  0%| F|  |TAMS 0x000000008e300000, 0x000000008e300000| Untracked 
|  62|0x000000008e400000, 0x000000008e400000, 0x000000008e500000|  0%| F|  |TAMS 0x000000008e400000, 0x000000008e400000| Untracked 
|  63|0x000000008e500000, 0x000000008e500000, 0x000000008e600000|  0%| F|  |TAMS 0x000000008e500000, 0x000000008e500000| Untracked 
|  64|0x000000008e600000, 0x000000008e600000, 0x000000008e700000|  0%| F|  |TAMS 0x000000008e600000, 0x000000008e600000| Untracked 
|  65|0x000000008e700000, 0x000000008e700000, 0x000000008e800000|  0%| F|  |TAMS 0x000000008e700000, 0x000000008e700000| Untracked 
|  66|0x000000008e800000, 0x000000008e800000, 0x000000008e900000|  0%| F|  |TAMS 0x000000008e800000, 0x000000008e800000| Untracked 
|  67|0x000000008e900000, 0x000000008e900000, 0x000000008ea00000|  0%| F|  |TAMS 0x000000008e900000, 0x000000008e900000| Untracked 
|  68|0x000000008ea00000, 0x000000008ea00000, 0x000000008eb00000|  0%| F|  |TAMS 0x000000008ea00000, 0x000000008ea00000| Untracked 
|  69|0x000000008eb00000, 0x000000008eb00000, 0x000000008ec00000|  0%| F|  |TAMS 0x000000008eb00000, 0x000000008eb00000| Untracked 
|  70|0x000000008ec00000, 0x000000008ec00000, 0x000000008ed00000|  0%| F|  |TAMS 0x000000008ec00000, 0x000000008ec00000| Untracked 
|  71|0x000000008ed00000, 0x000000008ed00000, 0x000000008ee00000|  0%| F|  |TAMS 0x000000008ed00000, 0x000000008ed00000| Untracked 
|  72|0x000000008ee00000, 0x000000008ee00000, 0x000000008ef00000|  0%| F|  |TAMS 0x000000008ee00000, 0x000000008ee00000| Untracked 
|  73|0x000000008ef00000, 0x000000008ef00000, 0x000000008f000000|  0%| F|  |TAMS 0x000000008ef00000, 0x000000008ef00000| Untracked 
|  74|0x000000008f000000, 0x000000008f000000, 0x000000008f100000|  0%| F|  |TAMS 0x000000008f000000, 0x000000008f000000| Untracked 
|  75|0x000000008f100000, 0x000000008f100000, 0x000000008f200000|  0%| F|  |TAMS 0x000000008f100000, 0x000000008f100000| Untracked 
|  76|0x000000008f200000, 0x000000008f200000, 0x000000008f300000|  0%| F|  |TAMS 0x000000008f200000, 0x000000008f200000| Untracked 
|  77|0x000000008f300000, 0x000000008f300000, 0x000000008f400000|  0%| F|  |TAMS 0x000000008f300000, 0x000000008f300000| Untracked 
|  78|0x000000008f400000, 0x000000008f400000, 0x000000008f500000|  0%| F|  |TAMS 0x000000008f400000, 0x000000008f400000| Untracked 
|  79|0x000000008f500000, 0x000000008f500000, 0x000000008f600000|  0%| F|  |TAMS 0x000000008f500000, 0x000000008f500000| Untracked 
|  80|0x000000008f600000, 0x000000008f600000, 0x000000008f700000|  0%| F|  |TAMS 0x000000008f600000, 0x000000008f600000| Untracked 
|  81|0x000000008f700000, 0x000000008f700000, 0x000000008f800000|  0%| F|  |TAMS 0x000000008f700000, 0x000000008f700000| Untracked 
|  82|0x000000008f800000, 0x000000008f800000, 0x000000008f900000|  0%| F|  |TAMS 0x000000008f800000, 0x000000008f800000| Untracked 
|  83|0x000000008f900000, 0x000000008f900000, 0x000000008fa00000|  0%| F|  |TAMS 0x000000008f900000, 0x000000008f900000| Untracked 
|  84|0x000000008fa00000, 0x000000008fa00000, 0x000000008fb00000|  0%| F|  |TAMS 0x000000008fa00000, 0x000000008fa00000| Untracked 
|  85|0x000000008fb00000, 0x000000008fb00000, 0x000000008fc00000|  0%| F|  |TAMS 0x000000008fb00000, 0x000000008fb00000| Untracked 
|  86|0x000000008fc00000, 0x000000008fc00000, 0x000000008fd00000|  0%| F|  |TAMS 0x000000008fc00000, 0x000000008fc00000| Untracked 
|  87|0x000000008fd00000, 0x000000008fd00000, 0x000000008fe00000|  0%| F|  |TAMS 0x000000008fd00000, 0x000000008fd00000| Untracked 
|  88|0x000000008fe00000, 0x000000008fe00000, 0x000000008ff00000|  0%| F|  |TAMS 0x000000008fe00000, 0x000000008fe00000| Untracked 
|  89|0x000000008ff00000, 0x000000008ff00000, 0x0000000090000000|  0%| F|  |TAMS 0x000000008ff00000, 0x000000008ff00000| Untracked 
|  90|0x0000000090000000, 0x0000000090000000, 0x0000000090100000|  0%| F|  |TAMS 0x0000000090000000, 0x0000000090000000| Untracked 
|  91|0x0000000090100000, 0x0000000090100000, 0x0000000090200000|  0%| F|  |TAMS 0x0000000090100000, 0x0000000090100000| Untracked 
|  92|0x0000000090200000, 0x0000000090200000, 0x0000000090300000|  0%| F|  |TAMS 0x0000000090200000, 0x0000000090200000| Untracked 
|  93|0x0000000090300000, 0x0000000090300000, 0x0000000090400000|  0%| F|  |TAMS 0x0000000090300000, 0x0000000090300000| Untracked 
|  94|0x0000000090400000, 0x0000000090400000, 0x0000000090500000|  0%| F|  |TAMS 0x0000000090400000, 0x0000000090400000| Untracked 
|  95|0x0000000090500000, 0x0000000090500000, 0x0000000090600000|  0%| F|  |TAMS 0x0000000090500000, 0x0000000090500000| Untracked 
|  96|0x0000000090600000, 0x0000000090600000, 0x0000000090700000|  0%| F|  |TAMS 0x0000000090600000, 0x0000000090600000| Untracked 
|  97|0x0000000090700000, 0x0000000090700000, 0x0000000090800000|  0%| F|  |TAMS 0x0000000090700000, 0x0000000090700000| Untracked 
|  98|0x0000000090800000, 0x0000000090800000, 0x0000000090900000|  0%| F|  |TAMS 0x0000000090800000, 0x0000000090800000| Untracked 
|  99|0x0000000090900000, 0x0000000090900000, 0x0000000090a00000|  0%| F|  |TAMS 0x0000000090900000, 0x0000000090900000| Untracked 
| 100|0x0000000090a00000, 0x0000000090a00000, 0x0000000090b00000|  0%| F|  |TAMS 0x0000000090a00000, 0x0000000090a00000| Untracked 
| 101|0x0000000090b00000, 0x0000000090b00000, 0x0000000090c00000|  0%| F|  |TAMS 0x0000000090b00000, 0x0000000090b00000| Untracked 
| 102|0x0000000090c00000, 0x0000000090c00000, 0x0000000090d00000|  0%| F|  |TAMS 0x0000000090c00000, 0x0000000090c00000| Untracked 
| 103|0x0000000090d00000, 0x0000000090d00000, 0x0000000090e00000|  0%| F|  |TAMS 0x0000000090d00000, 0x0000000090d00000| Untracked 
| 104|0x0000000090e00000, 0x0000000090e00000, 0x0000000090f00000|  0%| F|  |TAMS 0x0000000090e00000, 0x0000000090e00000| Untracked 
| 105|0x0000000090f00000, 0x0000000090f00000, 0x0000000091000000|  0%| F|  |TAMS 0x0000000090f00000, 0x0000000090f00000| Untracked 
| 106|0x0000000091000000, 0x0000000091000000, 0x0000000091100000|  0%| F|  |TAMS 0x0000000091000000, 0x0000000091000000| Untracked 
| 107|0x0000000091100000, 0x0000000091100000, 0x0000000091200000|  0%| F|  |TAMS 0x0000000091100000, 0x0000000091100000| Untracked 
| 108|0x0000000091200000, 0x00000000912ee480, 0x0000000091300000| 93%| E|  |TAMS 0x0000000091200000, 0x0000000091200000| Complete 
| 109|0x0000000091300000, 0x0000000091400000, 0x0000000091400000|100%| E|CS|TAMS 0x0000000091300000, 0x0000000091300000| Complete 
| 110|0x0000000091400000, 0x0000000091500000, 0x0000000091500000|100%| E|CS|TAMS 0x0000000091400000, 0x0000000091400000| Complete 
| 111|0x0000000091500000, 0x0000000091600000, 0x0000000091600000|100%| E|CS|TAMS 0x0000000091500000, 0x0000000091500000| Complete 
| 112|0x0000000091600000, 0x0000000091700000, 0x0000000091700000|100%| E|CS|TAMS 0x0000000091600000, 0x0000000091600000| Complete 
| 113|0x0000000091700000, 0x0000000091800000, 0x0000000091800000|100%| E|CS|TAMS 0x0000000091700000, 0x0000000091700000| Complete 
| 114|0x0000000091800000, 0x0000000091900000, 0x0000000091900000|100%| E|CS|TAMS 0x0000000091800000, 0x0000000091800000| Complete 
| 115|0x0000000091900000, 0x0000000091a00000, 0x0000000091a00000|100%| E|CS|TAMS 0x0000000091900000, 0x0000000091900000| Complete 
| 116|0x0000000091a00000, 0x0000000091b00000, 0x0000000091b00000|100%| E|  |TAMS 0x0000000091a00000, 0x0000000091a00000| Complete 
| 117|0x0000000091b00000, 0x0000000091c00000, 0x0000000091c00000|100%| E|CS|TAMS 0x0000000091b00000, 0x0000000091b00000| Complete 

Card table byte_map: [0x00000241ecd40000,0x00000241ed0f0000] _byte_map_base: 0x00000241ec8ed000

Marking Bits (Prev, Next): (CMBitMap*) 0x00000241d55364b0, (CMBitMap*) 0x00000241d55364f0
 Prev Bits: [0x00000241ed4a0000, 0x00000241ef208000)
 Next Bits: [0x00000241ef210000, 0x00000241f0f78000)

Polling page: 0x00000241d4ca0000

Metaspace:

Usage:
  Non-class:      3.24 MB used.
      Class:    352.98 KB used.
       Both:      3.58 MB used.

Virtual space:
  Non-class space:       64.00 MB reserved,       3.31 MB (  5%) committed,  1 nodes.
      Class space:        1.00 GB reserved,     384.00 KB ( <1%) committed,  1 nodes.
             Both:        1.06 GB reserved,       3.69 MB ( <1%) committed. 

Chunk freelists:
   Non-Class:  3.36 MB
       Class:  3.63 MB
        Both:  6.99 MB

MaxMetaspaceSize: unlimited
CompressedClassSpaceSize: 1.00 GB
Initial GC threshold: 21.00 MB
Current GC threshold: 21.00 MB
CDS: on
MetaspaceReclaimPolicy: balanced
 - commit_granule_bytes: 65536.
 - commit_granule_words: 8192.
 - virtual_space_node_default_size: 8388608.
 - enlarge_chunks_in_place: 1.
 - new_chunks_are_fully_committed: 0.
 - uncommit_free_chunks: 1.
 - use_allocation_guard: 0.


Internal statistics:

num_allocs_failed_limit: 0.
num_arena_births: 22.
num_arena_deaths: 0.
num_vsnodes_births: 2.
num_vsnodes_deaths: 0.
num_space_committed: 59.
num_space_uncommitted: 0.
num_chunks_returned_to_freelist: 0.
num_chunks_taken_from_freelist: 60.
num_chunk_merges: 0.
num_chunk_splits: 41.
num_chunks_enlarged: 33.
num_inconsistent_stats: 0.

CodeHeap 'non-profiled nmethods': size=120000Kb used=206Kb max_used=206Kb free=119793Kb
 bounds [0x00000241e4f00000, 0x00000241e5170000, 0x00000241ec430000]
CodeHeap 'profiled nmethods': size=120000Kb used=1113Kb max_used=1113Kb free=118887Kb
 bounds [0x00000241dd430000, 0x00000241dd6a0000, 0x00000241e4960000]
CodeHeap 'non-nmethods': size=5760Kb used=1229Kb max_used=1257Kb free=4530Kb
 bounds [0x00000241e4960000, 0x00000241e4bd0000, 0x00000241e4f00000]
 total_blobs=1098 nmethods=665 adapters=344
 compilation: enabled
              stopped_count=0, restarted_count=0
 full_count=0

Compilation events (20 events):
Event: 0.464 Thread 0x00000241f3befa60  610       3       java.lang.StringLatin1::getChar (9 bytes)
Event: 0.464 Thread 0x00000241f3befa60 nmethod 610 0x00000241dd52b110 code [0x00000241dd52b2a0, 0x00000241dd52b3b8]
Event: 0.464 Thread 0x00000241f3befa60  604       3       java.nio.file.Path$1::next (5 bytes)
Event: 0.464 Thread 0x00000241f3befa60 nmethod 604 0x00000241dd52b490 code [0x00000241dd52b640, 0x00000241dd52b788]
Event: 0.464 Thread 0x00000241f3befa60  605       3       java.nio.file.Path$1::next (50 bytes)
Event: 0.464 Thread 0x00000241f3befa60 nmethod 605 0x00000241dd52b810 code [0x00000241dd52ba00, 0x00000241dd52be28]
Event: 0.464 Thread 0x00000241f3befa60  618   !   3       jdk.internal.misc.ScopedMemoryAccess::getByteInternal (34 bytes)
Event: 0.464 Thread 0x00000241f3befa60 nmethod 618 0x00000241dd52c010 code [0x00000241dd52c1c0, 0x00000241dd52c428]
Event: 0.464 Thread 0x00000241f3befa60  612       3       java.nio.Buffer::checkIndex (9 bytes)
Event: 0.464 Thread 0x00000241f3befa60 nmethod 612 0x00000241dd52c590 code [0x00000241dd52c740, 0x00000241dd52c8f8]
Event: 0.464 Thread 0x00000241f3befa60  615   !   3       java.nio.DirectByteBuffer::get (34 bytes)
Event: 0.465 Thread 0x00000241f3befa60 nmethod 615 0x00000241dd52ca10 code [0x00000241dd52cc60, 0x00000241dd52d5f8]
Event: 0.465 Thread 0x00000241f3befa60  616       3       java.nio.DirectByteBuffer::ix (10 bytes)
Event: 0.465 Thread 0x00000241f3befa60 nmethod 616 0x00000241dd52da90 code [0x00000241dd52dc20, 0x00000241dd52dd38]
Event: 0.466 Thread 0x00000241f3befa60  617   !   3       jdk.internal.misc.ScopedMemoryAccess::getByte (16 bytes)
Event: 0.466 Thread 0x00000241f3befa60 nmethod 617 0x00000241dd52de10 code [0x00000241dd52dfe0, 0x00000241dd52e3d8]
Event: 0.466 Thread 0x00000241f3befa60  614       1       java.nio.Buffer::limit (5 bytes)
Event: 0.466 Thread 0x00000241f3befa60 nmethod 614 0x00000241e4f30c10 code [0x00000241e4f30da0, 0x00000241e4f30e58]
Event: 0.468 Thread 0x00000241f3befa60  620       1       java.net.URL::getHost (5 bytes)
Event: 0.468 Thread 0x00000241f3befa60 nmethod 620 0x00000241e4f30f10 code [0x00000241e4f310a0, 0x00000241e4f31158]

GC Heap History (0 events):
No events

Dll operation events (6 events):
Event: 0.018 Loaded shared library C:\Program Files\Java\jdk-19\bin\java.dll
Event: 0.035 Loaded shared library C:\Program Files\Java\jdk-19\bin\jsvml.dll
Event: 0.083 Loaded shared library C:\Program Files\Java\jdk-19\bin\net.dll
Event: 0.085 Loaded shared library C:\Program Files\Java\jdk-19\bin\nio.dll
Event: 0.090 Loaded shared library C:\Program Files\Java\jdk-19\bin\zip.dll
Event: 0.224 Loaded shared library C:\Program Files\Java\jdk-19\bin\jimage.dll

Deoptimization events (12 events):
Event: 0.204 Thread 0x00000241d54d8df0 DEOPT PACKING pc=0x00000241dd465f96 sp=0x0000009bde2fc6f0
Event: 0.204 Thread 0x00000241d54d8df0 DEOPT UNPACKING pc=0x00000241e49c7543 sp=0x0000009bde2fbbc8 mode 0
Event: 0.310 Thread 0x00000241d54d8df0 DEOPT PACKING pc=0x00000241dd490f2d sp=0x0000009bde2faeb0
Event: 0.310 Thread 0x00000241d54d8df0 DEOPT UNPACKING pc=0x00000241e49c7543 sp=0x0000009bde2fa348 mode 0
Event: 0.354 Thread 0x00000241d54d8df0 DEOPT PACKING pc=0x00000241dd445e67 sp=0x0000009bde2fee50
Event: 0.354 Thread 0x00000241d54d8df0 DEOPT UNPACKING pc=0x00000241e49c7543 sp=0x0000009bde2fe270 mode 0
Event: 0.391 Thread 0x00000241d54d8df0 DEOPT PACKING pc=0x00000241dd4e2067 sp=0x0000009bde2feef0
Event: 0.391 Thread 0x00000241d54d8df0 DEOPT UNPACKING pc=0x00000241e49c7543 sp=0x0000009bde2fe3c8 mode 0
Event: 0.466 Thread 0x00000241d54d8df0 Uncommon trap: trap_request=0xffffff45 fr.pc=0x00000241e4f2b1f0 relative=0x00000000000001d0
Event: 0.466 Thread 0x00000241d54d8df0 Uncommon trap: reason=unstable_if action=reinterpret pc=0x00000241e4f2b1f0 method=java.io.WinNTFileSystem.normalize(Ljava/lang/String;)Ljava/lang/String; @ 104 c2
Event: 0.466 Thread 0x00000241d54d8df0 DEOPT PACKING pc=0x00000241e4f2b1f0 sp=0x0000009bde2ff0c0
Event: 0.466 Thread 0x00000241d54d8df0 DEOPT UNPACKING pc=0x00000241e49c6da3 sp=0x0000009bde2ff038 mode 2

Classes loaded (20 events):
Event: 0.465 Loading class java/net/URLConnection
Event: 0.466 Loading class java/net/URLConnection done
Event: 0.466 Loading class java/net/JarURLConnection done
Event: 0.466 Loading class sun/net/www/protocol/jar/JarURLConnection done
Event: 0.466 Loading class sun/net/www/protocol/jar/JarFileFactory
Event: 0.466 Loading class sun/net/www/protocol/jar/URLJarFile$URLJarFileCloseController
Event: 0.466 Loading class sun/net/www/protocol/jar/URLJarFile$URLJarFileCloseController done
Event: 0.466 Loading class sun/net/www/protocol/jar/JarFileFactory done
Event: 0.466 Loading class sun/net/www/protocol/file/FileURLConnection
Event: 0.466 Loading class sun/net/www/URLConnection
Event: 0.466 Loading class sun/net/www/URLConnection done
Event: 0.466 Loading class sun/net/www/protocol/file/FileURLConnection done
Event: 0.467 Loading class sun/net/www/MessageHeader
Event: 0.467 Loading class sun/net/www/MessageHeader done
Event: 0.467 Loading class sun/net/www/protocol/jar/URLJarFile
Event: 0.467 Loading class sun/net/www/protocol/jar/URLJarFile done
Event: 0.468 Loading class sun/net/www/protocol/jar/URLJarFile$URLJarFileEntry
Event: 0.468 Loading class sun/net/www/protocol/jar/URLJarFile$URLJarFileEntry done
Event: 0.468 Loading class sun/net/www/protocol/jar/JarURLConnection$JarURLInputStream
Event: 0.468 Loading class sun/net/www/protocol/jar/JarURLConnection$JarURLInputStream done

Classes unloaded (0 events):
No events

Classes redefined (0 events):
No events

Internal exceptions (2 events):
Event: 0.338 Thread 0x00000241d54d8df0 Exception <a 'java/lang/NoSuchMethodError'{0x00000000915cb918}: 'void java.lang.invoke.DirectMethodHandle$Holder.invokeVirtual(java.lang.Object, java.lang.Object)'> (0x00000000915cb918) 
thrown [s\open\src\hotspot\share\interpreter\linkResolver.cpp, line 774]
Event: 0.448 Thread 0x00000241d54d8df0 Exception <a 'java/lang/NoSuchMethodError'{0x000000009130f0d0}: 'void java.lang.invoke.DirectMethodHandle$Holder.invokeStatic(java.lang.Object, java.lang.Object, java.lang.Object)'> (0x000000009130f0d0) 
thrown [s\open\src\hotspot\share\interpreter\linkResolver.cpp, line 774]

VM Operations (6 events):
Event: 0.091 Executing VM operation: HandshakeAllThreads
Event: 0.091 Executing VM operation: HandshakeAllThreads done
Event: 0.159 Executing VM operation: HandshakeAllThreads
Event: 0.159 Executing VM operation: HandshakeAllThreads done
Event: 0.467 Executing VM operation: HandshakeAllThreads
Event: 0.467 Executing VM operation: HandshakeAllThreads done

Events (13 events):
Event: 0.036 Thread 0x00000241d54d8df0 Thread added: 0x00000241d54d8df0
Event: 0.050 Thread 0x00000241f3be7590 Thread added: 0x00000241f3be7590
Event: 0.051 Thread 0x00000241f3be7ec0 Thread added: 0x00000241f3be7ec0
Event: 0.051 Thread 0x00000241f3be87f0 Thread added: 0x00000241f3be87f0
Event: 0.051 Thread 0x00000241f3beb950 Thread added: 0x00000241f3beb950
Event: 0.051 Thread 0x00000241f3bec690 Thread added: 0x00000241f3bec690
Event: 0.051 Thread 0x00000241f3bed1d0 Thread added: 0x00000241f3bed1d0
Event: 0.051 Thread 0x00000241f3bee440 Thread added: 0x00000241f3bee440
Event: 0.051 Thread 0x00000241f3befa60 Thread added: 0x00000241f3befa60
Event: 0.052 Thread 0x00000241f3bf03d0 Thread added: 0x00000241f3bf03d0
Event: 0.075 Thread 0x00000241f81071f0 Thread added: 0x00000241f81071f0
Event: 0.078 Thread 0x00000241f810de10 Thread added: 0x00000241f810de10
Event: 0.236 Thread 0x00000241f8460810 Thread added: 0x00000241f8460810


Dynamic libraries:
0x00007ff7a5710000 - 0x00007ff7a5720000 	C:\Program Files\Java\jdk-19\bin\java.exe
0x00007ffa19930000 - 0x00007ffa19b44000 	C:\WINDOWS\SYSTEM32\ntdll.dll
0x00007ffa17de0000 - 0x00007ffa17ea2000 	C:\WINDOWS\System32\KERNEL32.DLL
0x00007ffa171f0000 - 0x00007ffa17593000 	C:\WINDOWS\System32\KERNELBASE.dll
0x00007ffa16e10000 - 0x00007ffa16f21000 	C:\WINDOWS\System32\ucrtbase.dll
0x00007ff9bae50000 - 0x00007ff9bae6b000 	C:\Program Files\Java\jdk-19\bin\VCRUNTIME140.dll
0x00007ff9bae70000 - 0x00007ff9bae88000 	C:\Program Files\Java\jdk-19\bin\jli.dll
0x00007ffa189c0000 - 0x00007ffa18a6e000 	C:\WINDOWS\System32\ADVAPI32.dll
0x00007ffa19840000 - 0x00007ffa198e7000 	C:\WINDOWS\System32\msvcrt.dll
0x00007ffa19210000 - 0x00007ffa192b4000 	C:\WINDOWS\System32\sechost.dll
0x00007ffa17ee0000 - 0x00007ffa17ff7000 	C:\WINDOWS\System32\RPCRT4.dll
0x00007ffa18810000 - 0x00007ffa189bb000 	C:\WINDOWS\System32\USER32.dll
0x00007ffa16f30000 - 0x00007ffa16f56000 	C:\WINDOWS\System32\win32u.dll
0x00007ffa17eb0000 - 0x00007ffa17ed9000 	C:\WINDOWS\System32\GDI32.dll
0x00007ffa170d0000 - 0x00007ffa171e8000 	C:\WINDOWS\System32\gdi32full.dll
0x00007ffa17690000 - 0x00007ffa1772a000 	C:\WINDOWS\System32\msvcp_win.dll
0x00007ff9fc500000 - 0x00007ff9fc78e000 	C:\WINDOWS\WinSxS\amd64_microsoft.windows.common-controls_6595b64144ccf1df_6.0.22621.1635_none_270f70857386168e\COMCTL32.dll
0x00007ffa10cb0000 - 0x00007ffa10cba000 	C:\WINDOWS\SYSTEM32\VERSION.dll
0x00007ffa19010000 - 0x00007ffa19041000 	C:\WINDOWS\System32\IMM32.DLL
0x00007ff9e80c0000 - 0x00007ff9e80cc000 	C:\Program Files\Java\jdk-19\bin\vcruntime140_1.dll
0x00007ff9b18e0000 - 0x00007ff9b196e000 	C:\Program Files\Java\jdk-19\bin\msvcp140.dll
0x00007ff98ce50000 - 0x00007ff98db10000 	C:\Program Files\Java\jdk-19\bin\server\jvm.dll
0x00007ff9e6c10000 - 0x00007ff9e6c19000 	C:\WINDOWS\SYSTEM32\WSOCK32.dll
0x00007ffa17d60000 - 0x00007ffa17dd1000 	C:\WINDOWS\System32\WS2_32.dll
0x00007ffa12ce0000 - 0x00007ffa12d14000 	C:\WINDOWS\SYSTEM32\WINMM.dll
0x00007ffa15d60000 - 0x00007ffa15d78000 	C:\WINDOWS\SYSTEM32\kernel.appcore.dll
0x00007ff9e6910000 - 0x00007ff9e691a000 	C:\Program Files\Java\jdk-19\bin\jimage.dll
0x00007ffa08ec0000 - 0x00007ffa090ee000 	C:\WINDOWS\SYSTEM32\DBGHELP.DLL
0x00007ffa193b0000 - 0x00007ffa19739000 	C:\WINDOWS\System32\combase.dll
0x00007ffa18a80000 - 0x00007ffa18b57000 	C:\WINDOWS\System32\OLEAUT32.dll
0x00007ffa07b50000 - 0x00007ffa07b82000 	C:\WINDOWS\SYSTEM32\dbgcore.DLL
0x00007ffa17610000 - 0x00007ffa1768b000 	C:\WINDOWS\System32\bcryptPrimitives.dll
0x00007ff9b0a70000 - 0x00007ff9b0a96000 	C:\Program Files\Java\jdk-19\bin\java.dll
0x00007ff9b0b70000 - 0x00007ff9b0c47000 	C:\Program Files\Java\jdk-19\bin\jsvml.dll
0x00007ffa18010000 - 0x00007ffa1880a000 	C:\WINDOWS\System32\SHELL32.dll
0x00007ffa14d00000 - 0x00007ffa155ce000 	C:\WINDOWS\SYSTEM32\windows.storage.dll
0x00007ffa14bc0000 - 0x00007ffa14cfe000 	C:\WINDOWS\SYSTEM32\wintypes.dll
0x00007ffa179b0000 - 0x00007ffa17aa1000 	C:\WINDOWS\System32\SHCORE.dll
0x00007ffa17be0000 - 0x00007ffa17c3e000 	C:\WINDOWS\System32\shlwapi.dll
0x00007ffa16c80000 - 0x00007ffa16ca1000 	C:\WINDOWS\SYSTEM32\profapi.dll
0x00007ff9b1880000 - 0x00007ff9b1893000 	C:\Program Files\Java\jdk-19\bin\net.dll
0x00007ffa12b80000 - 0x00007ffa12cb7000 	C:\WINDOWS\SYSTEM32\WINHTTP.dll
0x00007ffa161d0000 - 0x00007ffa16239000 	C:\WINDOWS\system32\mswsock.dll
0x00007ff9b1860000 - 0x00007ff9b1876000 	C:\Program Files\Java\jdk-19\bin\nio.dll
0x00007ff9b18c0000 - 0x00007ff9b18d8000 	C:\Program Files\Java\jdk-19\bin\zip.dll

dbghelp: loaded successfully - version: 4.0.5 - missing functions: none
symbol engine: initialized successfully - sym options: 0x614 - pdb path: .;C:\Program Files\Java\jdk-19\bin;C:\WINDOWS\SYSTEM32;C:\WINDOWS\WinSxS\amd64_microsoft.windows.common-controls_6595b64144ccf1df_6.0.22621.1635_none_270f70857386168e;C:\Program Files\Java\jdk-19\bin\server

VM Arguments:
jvm_args: -Dfile.encoding=utf8 
java_command: c:\Users\Harsh Jethva\.vscode\extensions\vscjava.vscode-gradle-3.12.7\lib\gradle-language-server.jar
java_class_path (initial): c:\Users\Harsh Jethva\.vscode\extensions\vscjava.vscode-gradle-3.12.7\lib\gradle-language-server.jar
Launcher Type: SUN_STANDARD

[Global flags]
     intx CICompilerCount                          = 4                                         {product} {ergonomic}
     uint ConcGCThreads                            = 3                                         {product} {ergonomic}
     uint G1ConcRefinementThreads                  = 10                                        {product} {ergonomic}
   size_t G1HeapRegionSize                         = 1048576                                   {product} {ergonomic}
    uintx GCDrainStackTargetSize                   = 64                                        {product} {ergonomic}
   size_t InitialHeapSize                          = 123731968                                 {product} {ergonomic}
   size_t MarkStackSize                            = 4194304                                   {product} {ergonomic}
   size_t MaxHeapSize                              = 1973420032                                {product} {ergonomic}
   size_t MaxNewSize                               = 1183842304                                {product} {ergonomic}
   size_t MinHeapDeltaBytes                        = 1048576                                   {product} {ergonomic}
   size_t MinHeapSize                              = 8388608                                   {product} {ergonomic}
    uintx NonNMethodCodeHeapSize                   = 5839372                                {pd product} {ergonomic}
    uintx NonProfiledCodeHeapSize                  = 122909434                              {pd product} {ergonomic}
    uintx ProfiledCodeHeapSize                     = 122909434                              {pd product} {ergonomic}
    uintx ReservedCodeCacheSize                    = 251658240                              {pd product} {ergonomic}
     bool SegmentedCodeCache                       = true                                      {product} {ergonomic}
   size_t SoftMaxHeapSize                          = 1973420032                             {manageable} {ergonomic}
     bool UseCompressedClassPointers               = true                           {product lp64_product} {ergonomic}
     bool UseCompressedOops                        = true                           {product lp64_product} {ergonomic}
     bool UseG1GC                                  = true                                      {product} {ergonomic}
     bool UseLargePagesIndividualAllocation        = false                                  {pd product} {ergonomic}

Logging:
Log output configuration:
 #0: stdout all=warning uptime,level,tags foldmultilines=false
 #1: stderr all=off uptime,level,tags foldmultilines=false

Environment Variables:
JAVA_HOME=C:\Program Files\Java\jdk-19
PATH=C:\Windows\system32;C:\Windows;C:\Windows\System32\Wbem;C:\Windows\System32\WindowsPowerShell\v1.0\;C:\Windows\System32\OpenSSH\;C:\Program Files\NVIDIA Corporation\NVIDIA NvDLISR;C:\Apps\JDk\bin;C:\Program Files\Microsoft SQL Server\130\Tools\Binn\;C:\Program Files (x86)\NVIDIA Corporation\PhysX\Common;C:\xampp\php;C:\ProgramData\ComposerSetup\bin;C:\WINDOWS\system32;C:\WINDOWS;C:\WINDOWS\System32\Wbem;C:\WINDOWS\System32\WindowsPowerShell\v1.0\;C:\WINDOWS\System32\OpenSSH\;C:\Program Files\Git\cmd;C:\Apps\nodejs\;C:\Program Files\Microsoft SQL Server\150\Tools\Binn\;C:\Apps\flutter\bin;C:\Program Files\Java\jdk-19\bin;C:\Users\Harsh Jethva\AppData\Local\Pub\Cache\bin;C:\Users\Harsh Jethva\AppData\Local\Programs\Python\Python311\Scripts\;C:\Users\Harsh Jethva\AppData\Local\Programs\Python\Python311\;C:\Users\Harsh Jethva\AppData\Local\Microsoft\WindowsApps;C:\Apps\IntelliJ IDEA Community Edition 2023.1\bin;;C:\Users\Harsh Jethva\AppData\Roaming\Composer\vendor\bin;C:\Apps\Microsoft VS Code\bin;C:\Users\Harsh Jethva\AppData\Roaming\npm;C:\Users\Harsh Jethva\AppData\Local\GitHubDesktop\bin;C:\Users\Harsh Jethva\AppData\Local\Pub\Cache\bin;
USERNAME=Harsh Jethva
OS=Windows_NT
PROCESSOR_IDENTIFIER=AMD64 Family 25 Model 80 Stepping 0, AuthenticAMD
TMP=C:\Users\Harsh Jethva\AppData\Local\Temp
TEMP=C:\Users\Harsh Jethva\AppData\Local\Temp



---------------  S Y S T E M  ---------------

OS:
 Windows 11 , 64 bit Build 22621 (10.0.22621.1635)
OS uptime: 0 days 20:01 hours
Hyper-V role detected

CPU: total 12 (initial active 12) (12 cores per cpu, 2 threads per core) family 25 model 80 stepping 0 microcode 0x0, cx8, cmov, fxsr, ht, mmx, 3dnowpref, sse, sse2, sse3, ssse3, sse4a, sse4.1, sse4.2, popcnt, lzcnt, tsc, tscinvbit, avx, avx2, aes, erms, clmul, bmi1, bmi2, adx, sha, fma, vzeroupper, clflush, clflushopt, hv, rdtscp, rdpid, fsrm

Memory: 4k page, system-wide physical 7521M (1209M free)
TotalPageFile size 14521M (AvailPageFile size 2M)
current process WorkingSet (physical memory assigned to process): 56M, peak: 56M
current process commit charge ("private bytes"): 216M, peak: 217M

vm_info: Java HotSpot(TM) 64-Bit Server VM (19+36-2238) for windows-amd64 JRE (19+36-2238), built on 2022-08-12T20:29:01Z by "mach5one" with MS VC++ 17.1 (VS2022)

END.
