#
# There is insufficient memory for the Java Runtime Environment to continue.
# Native memory allocation (malloc) failed to allocate 1048576 bytes for AllocateHeap
# Possible reasons:
#   The system is out of physical RAM or swap space
#   The process is running with CompressedOops enabled, and the Java Heap may be blocking the growth of the native heap
# Possible solutions:
#   Reduce memory load on the system
#   Increase physical memory or swap space
#   Check if swap backing store is full
#   Decrease Java heap size (-Xmx/-Xms)
#   Decrease number of Java threads
#   Decrease Java thread stack sizes (-Xss)
#   Set larger code cache with -XX:ReservedCodeCacheSize=
#   JVM is running with Unscaled Compressed Oops mode in which the Java heap is
#     placed in the first 4GB address space. The Java Heap base address is the
#     maximum limit for the native heap growth. Please use -XX:HeapBaseMinAddress
#     to set the Java Heap base and to place the Java Heap above 4GB virtual address.
# This output file may be truncated or incomplete.
#
#  Out of Memory Error (allocation.cpp:44), pid=10904, tid=14840
#
# JRE version:  (19.0+36) (build )
# Java VM: Java HotSpot(TM) 64-Bit Server VM (19+36-2238, mixed mode, sharing, tiered, compressed oops, compressed class ptrs, g1 gc, windows-amd64)
# No core dump will be written. Minidumps are not enabled by default on client versions of Windows
#

---------------  S U M M A R Y ------------

Command Line: -Dfile.encoding=utf8 c:\Users\Harsh Jethva\.vscode\extensions\vscjava.vscode-gradle-3.12.7\lib\gradle-language-server.jar

Host: AMD Ryzen 5 5600H with Radeon Graphics         , 12 cores, 7G,  Windows 11 , 64 bit Build 22621 (10.0.22621.1635)
Time: Mon May  8 11:36:56 2023 India Standard Time elapsed time: 0.017044 seconds (0d 0h 0m 0s)

---------------  T H R E A D  ---------------

Current thread (0x000001e54264a440):  JavaThread "Unknown thread" [_thread_in_vm, id=14840, stack(0x000000d338900000,0x000000d338a00000)]

Stack: [0x000000d338900000,0x000000d338a00000]
Native frames: (J=compiled Java code, j=interpreted, Vv=VM code, C=native code)
V  [jvm.dll+0x6ee8fa]
V  [jvm.dll+0x857a1e]
V  [jvm.dll+0x85940e]
V  [jvm.dll+0x859ac3]
V  [jvm.dll+0x28291f]
V  [jvm.dll+0xc40eb]
V  [jvm.dll+0x32a2d9]
V  [jvm.dll+0x821aeb]
V  [jvm.dll+0x3c27c1]
V  [jvm.dll+0x8022f1]
V  [jvm.dll+0x44b30f]
V  [jvm.dll+0x44cc91]
C  [jli.dll+0x5287]
C  [ucrtbase.dll+0x29363]
C  [KERNEL32.DLL+0x126ad]
C  [ntdll.dll+0x5a9f8]


---------------  P R O C E S S  ---------------

Threads class SMR info:
_java_thread_list=0x00007ff98d9cd048, length=0, elements={
}

Java Threads: ( => current thread )

Other Threads:

=>0x000001e54264a440 (exited) JavaThread "Unknown thread" [_thread_in_vm, id=14840, stack(0x000000d338900000,0x000000d338a00000)]

Threads with active compile tasks:

VM state: not at safepoint (not fully initialized)

VM Mutex/Monitor currently owned by a thread: None

Heap address: 0x0000000000000000, size: 0 MB, Compressed Oops mode: 32-bit

CDS archive(s) mapped at: [0x0000000000000000-0x0000000000000000-0x0000000000000000), size 0, SharedBaseAddress: 0x0000000800000000, ArchiveRelocationMode: 0.
Narrow klass base: 0x0000000000000000, Narrow klass shift: 0, Narrow klass range: 0x0

GC Precious Log:
 CardTable entry size: 512
 Card Set container configuration: InlinePtr #cards 5 size 8 Array Of Cards #cards 12 size 40 Howl #buckets 4 coarsen threshold 1843 Howl Bitmap #cards 512 size 80 coarsen threshold 460 Card regions per heap region 1 cards per card region 2048

GC Heap History (0 events):
No events

Dll operation events (1 events):
Event: 0.013 Loaded shared library C:\Program Files\Java\jdk-19\bin\java.dll

Deoptimization events (0 events):
No events

Classes loaded (0 events):
No events

Classes unloaded (0 events):
No events

Classes redefined (0 events):
No events

Internal exceptions (0 events):
No events

VM Operations (0 events):
No events

Events (0 events):
No events


Dynamic libraries:
0x00007ff7a5710000 - 0x00007ff7a5720000 	C:\Program Files\Java\jdk-19\bin\java.exe
0x00007ffa19930000 - 0x00007ffa19b44000 	C:\WINDOWS\SYSTEM32\ntdll.dll
0x00007ffa17de0000 - 0x00007ffa17ea2000 	C:\WINDOWS\System32\KERNEL32.DLL
0x00007ffa171f0000 - 0x00007ffa17593000 	C:\WINDOWS\System32\KERNELBASE.dll
0x00007ffa16e10000 - 0x00007ffa16f21000 	C:\WINDOWS\System32\ucrtbase.dll
0x00007ff9bae70000 - 0x00007ff9bae88000 	C:\Program Files\Java\jdk-19\bin\jli.dll
0x00007ffa189c0000 - 0x00007ffa18a6e000 	C:\WINDOWS\System32\ADVAPI32.dll
0x00007ffa19840000 - 0x00007ffa198e7000 	C:\WINDOWS\System32\msvcrt.dll
0x00007ffa19210000 - 0x00007ffa192b4000 	C:\WINDOWS\System32\sechost.dll
0x00007ffa17ee0000 - 0x00007ffa17ff7000 	C:\WINDOWS\System32\RPCRT4.dll
0x00007ffa18810000 - 0x00007ffa189bb000 	C:\WINDOWS\System32\USER32.dll
0x00007ff9fc500000 - 0x00007ff9fc78e000 	C:\WINDOWS\WinSxS\amd64_microsoft.windows.common-controls_6595b64144ccf1df_6.0.22621.1635_none_270f70857386168e\COMCTL32.dll
0x00007ffa17eb0000 - 0x00007ffa17ed9000 	C:\WINDOWS\System32\GDI32.dll
0x00007ffa16f30000 - 0x00007ffa16f56000 	C:\WINDOWS\System32\win32u.dll
0x00007ffa170d0000 - 0x00007ffa171e8000 	C:\WINDOWS\System32\gdi32full.dll
0x00007ffa17690000 - 0x00007ffa1772a000 	C:\WINDOWS\System32\msvcp_win.dll
0x00007ffa10cb0000 - 0x00007ffa10cba000 	C:\WINDOWS\SYSTEM32\VERSION.dll
0x00007ff9bae50000 - 0x00007ff9bae6b000 	C:\Program Files\Java\jdk-19\bin\VCRUNTIME140.dll
0x00007ffa19010000 - 0x00007ffa19041000 	C:\WINDOWS\System32\IMM32.DLL
0x00007ff9e80c0000 - 0x00007ff9e80cc000 	C:\Program Files\Java\jdk-19\bin\vcruntime140_1.dll
0x00007ff9b18e0000 - 0x00007ff9b196e000 	C:\Program Files\Java\jdk-19\bin\msvcp140.dll
0x00007ff98ce50000 - 0x00007ff98db10000 	C:\Program Files\Java\jdk-19\bin\server\jvm.dll
0x00007ff9e6c10000 - 0x00007ff9e6c19000 	C:\WINDOWS\SYSTEM32\WSOCK32.dll
0x00007ffa12ce0000 - 0x00007ffa12d14000 	C:\WINDOWS\SYSTEM32\WINMM.dll
0x00007ffa17d60000 - 0x00007ffa17dd1000 	C:\WINDOWS\System32\WS2_32.dll
0x00007ffa15d60000 - 0x00007ffa15d78000 	C:\WINDOWS\SYSTEM32\kernel.appcore.dll
0x00007ff9e6910000 - 0x00007ff9e691a000 	C:\Program Files\Java\jdk-19\bin\jimage.dll
0x00007ffa08ec0000 - 0x00007ffa090ee000 	C:\WINDOWS\SYSTEM32\DBGHELP.DLL
0x00007ffa193b0000 - 0x00007ffa19739000 	C:\WINDOWS\System32\combase.dll
0x00007ffa18a80000 - 0x00007ffa18b57000 	C:\WINDOWS\System32\OLEAUT32.dll
0x00007ffa07b50000 - 0x00007ffa07b82000 	C:\WINDOWS\SYSTEM32\dbgcore.DLL
0x00007ffa17610000 - 0x00007ffa1768b000 	C:\WINDOWS\System32\bcryptPrimitives.dll
0x00007ff9b0a70000 - 0x00007ff9b0a96000 	C:\Program Files\Java\jdk-19\bin\java.dll

dbghelp: loaded successfully - version: 4.0.5 - missing functions: none
symbol engine: initialized successfully - sym options: 0x614 - pdb path: .;C:\Program Files\Java\jdk-19\bin;C:\WINDOWS\SYSTEM32;C:\WINDOWS\WinSxS\amd64_microsoft.windows.common-controls_6595b64144ccf1df_6.0.22621.1635_none_270f70857386168e;C:\Program Files\Java\jdk-19\bin\server

VM Arguments:
jvm_args: -Dfile.encoding=utf8 
java_command: c:\Users\Harsh Jethva\.vscode\extensions\vscjava.vscode-gradle-3.12.7\lib\gradle-language-server.jar
java_class_path (initial): c:\Users\Harsh Jethva\.vscode\extensions\vscjava.vscode-gradle-3.12.7\lib\gradle-language-server.jar
Launcher Type: SUN_STANDARD

[Global flags]
     intx CICompilerCount                          = 4                                         {product} {ergonomic}
     uint ConcGCThreads                            = 3                                         {product} {ergonomic}
     uint G1ConcRefinementThreads                  = 10                                        {product} {ergonomic}
   size_t G1HeapRegionSize                         = 1048576                                   {product} {ergonomic}
    uintx GCDrainStackTargetSize                   = 64                                        {product} {ergonomic}
   size_t InitialHeapSize                          = 123731968                                 {product} {ergonomic}
   size_t MarkStackSize                            = 4194304                                   {product} {ergonomic}
   size_t MaxHeapSize                              = 1973420032                                {product} {ergonomic}
   size_t MinHeapDeltaBytes                        = 1048576                                   {product} {ergonomic}
   size_t MinHeapSize                              = 8388608                                   {product} {ergonomic}
    uintx NonNMethodCodeHeapSize                   = 5839372                                {pd product} {ergonomic}
    uintx NonProfiledCodeHeapSize                  = 122909434                              {pd product} {ergonomic}
    uintx ProfiledCodeHeapSize                     = 122909434                              {pd product} {ergonomic}
    uintx ReservedCodeCacheSize                    = 251658240                              {pd product} {ergonomic}
     bool SegmentedCodeCache                       = true                                      {product} {ergonomic}
   size_t SoftMaxHeapSize                          = 1973420032                             {manageable} {ergonomic}
     bool UseCompressedClassPointers               = true                           {product lp64_product} {ergonomic}
     bool UseCompressedOops                        = true                           {product lp64_product} {ergonomic}
     bool UseG1GC                                  = true                                      {product} {ergonomic}
     bool UseLargePagesIndividualAllocation        = false                                  {pd product} {ergonomic}

Logging:
Log output configuration:
 #0: stdout all=warning uptime,level,tags foldmultilines=false
 #1: stderr all=off uptime,level,tags foldmultilines=false

Environment Variables:
JAVA_HOME=C:\Program Files\Java\jdk-19
PATH=C:\Windows\system32;C:\Windows;C:\Windows\System32\Wbem;C:\Windows\System32\WindowsPowerShell\v1.0\;C:\Windows\System32\OpenSSH\;C:\Program Files\NVIDIA Corporation\NVIDIA NvDLISR;C:\Apps\JDk\bin;C:\Program Files\Microsoft SQL Server\130\Tools\Binn\;C:\Program Files (x86)\NVIDIA Corporation\PhysX\Common;C:\xampp\php;C:\ProgramData\ComposerSetup\bin;C:\WINDOWS\system32;C:\WINDOWS;C:\WINDOWS\System32\Wbem;C:\WINDOWS\System32\WindowsPowerShell\v1.0\;C:\WINDOWS\System32\OpenSSH\;C:\Program Files\Git\cmd;C:\Apps\nodejs\;C:\Program Files\Microsoft SQL Server\150\Tools\Binn\;C:\Apps\flutter\bin;C:\Program Files\Java\jdk-19\bin;C:\Users\Harsh Jethva\AppData\Local\Pub\Cache\bin;C:\Users\Harsh Jethva\AppData\Local\Programs\Python\Python311\Scripts\;C:\Users\Harsh Jethva\AppData\Local\Programs\Python\Python311\;C:\Users\Harsh Jethva\AppData\Local\Microsoft\WindowsApps;C:\Apps\IntelliJ IDEA Community Edition 2023.1\bin;;C:\Users\Harsh Jethva\AppData\Roaming\Composer\vendor\bin;C:\Apps\Microsoft VS Code\bin;C:\Users\Harsh Jethva\AppData\Roaming\npm;C:\Users\Harsh Jethva\AppData\Local\GitHubDesktop\bin;C:\Users\Harsh Jethva\AppData\Local\Pub\Cache\bin;
USERNAME=Harsh Jethva
OS=Windows_NT
PROCESSOR_IDENTIFIER=AMD64 Family 25 Model 80 Stepping 0, AuthenticAMD
TMP=C:\Users\Harsh Jethva\AppData\Local\Temp
TEMP=C:\Users\Harsh Jethva\AppData\Local\Temp



---------------  S Y S T E M  ---------------

OS:
 Windows 11 , 64 bit Build 22621 (10.0.22621.1635)
OS uptime: 0 days 20:01 hours
Hyper-V role detected

CPU: total 12 (initial active 12) (12 cores per cpu, 2 threads per core) family 25 model 80 stepping 0 microcode 0x0, cx8, cmov, fxsr, ht, mmx, 3dnowpref, sse, sse2, sse3, ssse3, sse4a, sse4.1, sse4.2, popcnt, lzcnt, tsc, tscinvbit, avx, avx2, aes, erms, clmul, bmi1, bmi2, adx, sha, fma, vzeroupper, clflush, clflushopt, hv, rdtscp, rdpid, fsrm

Memory: 4k page, system-wide physical 7521M (1237M free)
TotalPageFile size 14521M (AvailPageFile size 11M)
current process WorkingSet (physical memory assigned to process): 10M, peak: 10M
current process commit charge ("private bytes"): 15M, peak: 16M

vm_info: Java HotSpot(TM) 64-Bit Server VM (19+36-2238) for windows-amd64 JRE (19+36-2238), built on 2022-08-12T20:29:01Z by "mach5one" with MS VC++ 17.1 (VS2022)

END.
