#
# There is insufficient memory for the Java Runtime Environment to continue.
# Native memory allocation (malloc) failed to allocate 960896 bytes for Chunk::new
# Possible reasons:
#   The system is out of physical RAM or swap space
#   The process is running with CompressedOops enabled, and the Java Heap may be blocking the growth of the native heap
# Possible solutions:
#   Reduce memory load on the system
#   Increase physical memory or swap space
#   Check if swap backing store is full
#   Decrease Java heap size (-Xmx/-Xms)
#   Decrease number of Java threads
#   Decrease Java thread stack sizes (-Xss)
#   Set larger code cache with -XX:ReservedCodeCacheSize=
#   JVM is running with Unscaled Compressed Oops mode in which the Java heap is
#     placed in the first 4GB address space. The Java Heap base address is the
#     maximum limit for the native heap growth. Please use -XX:HeapBaseMinAddress
#     to set the Java Heap base and to place the Java Heap above 4GB virtual address.
# This output file may be truncated or incomplete.
#
#  Out of Memory Error (arena.cpp:189), pid=7988, tid=16336
#
# JRE version: OpenJDK Runtime Environment Temurin-17.0.7+7 (17.0.7+7) (build 17.0.7+7)
# Java VM: OpenJDK 64-Bit Server VM Temurin-17.0.7+7 (17.0.7+7, mixed mode, tiered, compressed oops, compressed class ptrs, parallel gc, windows-amd64)
# No core dump will be written. Minidumps are not enabled by default on client versions of Windows
#

---------------  S U M M A R Y ------------

Command Line: --add-modules=ALL-SYSTEM --add-opens=java.base/java.util=ALL-UNNAMED --add-opens=java.base/java.lang=ALL-UNNAMED --add-opens=java.base/sun.nio.fs=ALL-UNNAMED -Declipse.application=org.eclipse.jdt.ls.core.id1 -Dosgi.bundles.defaultStartLevel=4 -Declipse.product=org.eclipse.jdt.ls.core.product -Djava.import.generatesMetadataFilesAtProjectRoot=false -Dfile.encoding=utf8 -XX:+UseParallelGC -XX:GCTimeRatio=4 -XX:AdaptiveSizePolicyWeight=90 -Dsun.zip.disableMemoryMapping=true -Xmx1G -Xms100m -Xlog:disable -javaagent:c:\Users\Harsh Jethva\.vscode\extensions\redhat.java-1.18.0-win32-x64\lombok\lombok-1.18.27.jar c:\Users\Harsh Jethva\.vscode\extensions\redhat.java-1.18.0-win32-x64\server\plugins\org.eclipse.equinox.launcher_1.6.400.v20210924-0641.jar -configuration c:\Users\Harsh Jethva\AppData\Roaming\Code\User\globalStorage\redhat.java\1.18.0\config_ss_win -data c:\Users\Harsh Jethva\AppData\Roaming\Code\User\workspaceStorage\3aafe0d63ee6716f9daa2b10ec85038b\redhat.java\ss_ws

Host: AMD Ryzen 5 5600H with Radeon Graphics         , 12 cores, 7G,  Windows 11 , 64 bit Build 22621 (10.0.22621.1635)
Time: Mon May  8 16:05:45 2023 India Standard Time elapsed time: 1.955720 seconds (0d 0h 0m 1s)

---------------  T H R E A D  ---------------

Current thread (0x000002e99e4f4b20):  JavaThread "C2 CompilerThread0" daemon [_thread_in_native, id=16336, stack(0x000000f05db00000,0x000000f05dc00000)]


Current CompileTask:
C2:   1955 2197       4       org.objectweb.asm.ClassReader::readMethod (1066 bytes)

Stack: [0x000000f05db00000,0x000000f05dc00000]
Native frames: (J=compiled Java code, j=interpreted, Vv=VM code, C=native code)
V  [jvm.dll+0x67754a]
V  [jvm.dll+0x834304]
V  [jvm.dll+0x835aae]
V  [jvm.dll+0x836113]
V  [jvm.dll+0x24696f]
V  [jvm.dll+0xac0ac]
V  [jvm.dll+0xac67c]
V  [jvm.dll+0x2adbef]
V  [jvm.dll+0x580067]
V  [jvm.dll+0x221e72]
V  [jvm.dll+0x22224f]
V  [jvm.dll+0x21b4a5]
V  [jvm.dll+0x21895b]
V  [jvm.dll+0x1a4d8d]
V  [jvm.dll+0x2284da]
V  [jvm.dll+0x226615]
V  [jvm.dll+0x7ea90b]
V  [jvm.dll+0x7e4e7a]
V  [jvm.dll+0x676395]
C  [ucrtbase.dll+0x29363]
C  [KERNEL32.DLL+0x126ad]
C  [ntdll.dll+0x5a9f8]


---------------  P R O C E S S  ---------------

Threads class SMR info:
_java_thread_list=0x000002e9a0ed09e0, length=21, elements={
0x000002e9852f4c40, 0x000002e99916e300, 0x000002e99e4c87d0, 0x000002e9853adf80,
0x000002e9853ae840, 0x000002e99e4eea90, 0x000002e99e4efaf0, 0x000002e99e4f4b20,
0x000002e99e4f5bc0, 0x000002e99e500ca0, 0x000002e99e5ef640, 0x000002e99fafff40,
0x000002e9a0402150, 0x000002e9a024c8e0, 0x000002e9a00a7080, 0x000002e9a0080710,
0x000002e9a0212420, 0x000002e9a0532a30, 0x000002e99fbbf610, 0x000002e99fbbc5f0,
0x000002e99fbbe7a0
}

Java Threads: ( => current thread )
  0x000002e9852f4c40 JavaThread "main" [_thread_blocked, id=13444, stack(0x000000f05d200000,0x000000f05d300000)]
  0x000002e99916e300 JavaThread "Reference Handler" daemon [_thread_blocked, id=15924, stack(0x000000f05d500000,0x000000f05d600000)]
  0x000002e99e4c87d0 JavaThread "Finalizer" daemon [_thread_blocked, id=2956, stack(0x000000f05d600000,0x000000f05d700000)]
  0x000002e9853adf80 JavaThread "Signal Dispatcher" daemon [_thread_blocked, id=688, stack(0x000000f05d700000,0x000000f05d800000)]
  0x000002e9853ae840 JavaThread "Attach Listener" daemon [_thread_blocked, id=16892, stack(0x000000f05d800000,0x000000f05d900000)]
  0x000002e99e4eea90 JavaThread "Service Thread" daemon [_thread_blocked, id=16264, stack(0x000000f05d900000,0x000000f05da00000)]
  0x000002e99e4efaf0 JavaThread "Monitor Deflation Thread" daemon [_thread_blocked, id=4800, stack(0x000000f05da00000,0x000000f05db00000)]
=>0x000002e99e4f4b20 JavaThread "C2 CompilerThread0" daemon [_thread_in_native, id=16336, stack(0x000000f05db00000,0x000000f05dc00000)]
  0x000002e99e4f5bc0 JavaThread "C1 CompilerThread0" daemon [_thread_blocked, id=17560, stack(0x000000f05dc00000,0x000000f05dd00000)]
  0x000002e99e500ca0 JavaThread "Sweeper thread" daemon [_thread_blocked, id=2220, stack(0x000000f05dd00000,0x000000f05de00000)]
  0x000002e99e5ef640 JavaThread "Common-Cleaner" daemon [_thread_blocked, id=13784, stack(0x000000f05de00000,0x000000f05df00000)]
  0x000002e99fafff40 JavaThread "Notification Thread" daemon [_thread_blocked, id=16192, stack(0x000000f05df00000,0x000000f05e000000)]
  0x000002e9a0402150 JavaThread "Active Thread: Equinox Container: 83101d8a-9df3-465c-8e54-716e375b5578" [_thread_blocked, id=19288, stack(0x000000f05e700000,0x000000f05e800000)]
  0x000002e9a024c8e0 JavaThread "Framework Event Dispatcher: Equinox Container: 83101d8a-9df3-465c-8e54-716e375b5578" daemon [_thread_blocked, id=352, stack(0x000000f05e800000,0x000000f05e900000)]
  0x000002e9a00a7080 JavaThread "Start Level: Equinox Container: 83101d8a-9df3-465c-8e54-716e375b5578" daemon [_thread_blocked, id=17456, stack(0x000000f05e900000,0x000000f05ea00000)]
  0x000002e9a0080710 JavaThread "SCR Component Actor" daemon [_thread_blocked, id=8468, stack(0x000000f05ea00000,0x000000f05eb00000)]
  0x000002e9a0212420 JavaThread "SCR Component Registry" daemon [_thread_blocked, id=19100, stack(0x000000f05ec00000,0x000000f05ed00000)]
  0x000002e9a0532a30 JavaThread "Worker-JM" [_thread_blocked, id=16868, stack(0x000000f05ed00000,0x000000f05ee00000)]
  0x000002e99fbbf610 JavaThread "Worker-0" [_thread_blocked, id=15568, stack(0x000000f05f000000,0x000000f05f100000)]
  0x000002e99fbbc5f0 JavaThread "Worker-1" [_thread_blocked, id=16688, stack(0x000000f05f100000,0x000000f05f200000)]
  0x000002e99fbbe7a0 JavaThread "Java indexing" daemon [_thread_blocked, id=8184, stack(0x000000f05f200000,0x000000f05f300000)]

Other Threads:
  0x000002e99e4b31c0 VMThread "VM Thread" [stack: 0x000000f05d400000,0x000000f05d500000] [id=2360]
  0x000002e99fb00410 WatcherThread [stack: 0x000000f05e000000,0x000000f05e100000] [id=13048]
  0x000002e98530a0f0 GCTaskThread "GC Thread#0" [stack: 0x000000f05d300000,0x000000f05d400000] [id=12580]
  0x000002e9a00ae560 GCTaskThread "GC Thread#1" [stack: 0x000000f05e100000,0x000000f05e200000] [id=16340]
  0x000002e99fba5d10 GCTaskThread "GC Thread#2" [stack: 0x000000f05e200000,0x000000f05e300000] [id=12392]
  0x000002e99fd7e590 GCTaskThread "GC Thread#3" [stack: 0x000000f05e300000,0x000000f05e400000] [id=11920]
  0x000002e99fd7e840 GCTaskThread "GC Thread#4" [stack: 0x000000f05e400000,0x000000f05e500000] [id=19296]
  0x000002e99fd7eaf0 GCTaskThread "GC Thread#5" [stack: 0x000000f05e500000,0x000000f05e600000] [id=11880]
  0x000002e99fd7eda0 GCTaskThread "GC Thread#6" [stack: 0x000000f05e600000,0x000000f05e700000] [id=15504]
  0x000002e9a03d80d0 GCTaskThread "GC Thread#7" [stack: 0x000000f05eb00000,0x000000f05ec00000] [id=5980]
  0x000002e9a04dc310 GCTaskThread "GC Thread#8" [stack: 0x000000f05ee00000,0x000000f05ef00000] [id=7096]
  0x000002e9a052e000 GCTaskThread "GC Thread#9" [stack: 0x000000f05ef00000,0x000000f05f000000] [id=8292]

Threads with active compile tasks:
C2 CompilerThread0     1973 2197       4       org.objectweb.asm.ClassReader::readMethod (1066 bytes)

VM state: not at safepoint (normal execution)

VM Mutex/Monitor currently owned by a thread: None

Heap address: 0x00000000c0000000, size: 1024 MB, Compressed Oops mode: 32-bit

CDS archive(s) not mapped
Compressed class space mapped at: 0x0000000100000000-0x0000000140000000, reserved size: 1073741824
Narrow klass base: 0x0000000000000000, Narrow klass shift: 3, Narrow klass range: 0x140000000

GC Precious Log:
 CPUs: 12 total, 12 available
 Memory: 7521M
 Large Page Support: Disabled
 NUMA Support: Disabled
 Compressed Oops: Enabled (32-bit)
 Alignments: Space 512K, Generation 512K, Heap 2M
 Heap Min Capacity: 100M
 Heap Initial Capacity: 100M
 Heap Max Capacity: 1G
 Pre-touch: Disabled
 Parallel Workers: 10

Heap:
 PSYoungGen      total 26112K, used 24342K [0x00000000eab00000, 0x00000000ec880000, 0x0000000100000000)
  eden space 25088K, 93% used [0x00000000eab00000,0x00000000ec1fbe38,0x00000000ec380000)
  from space 1024K, 78% used [0x00000000ec400000,0x00000000ec4c9da0,0x00000000ec500000)
  to   space 2560K, 0% used [0x00000000ec600000,0x00000000ec600000,0x00000000ec880000)
 ParOldGen       total 68608K, used 6914K [0x00000000c0000000, 0x00000000c4300000, 0x00000000eab00000)
  object space 68608K, 10% used [0x00000000c0000000,0x00000000c06c09e0,0x00000000c4300000)
 Metaspace       used 26959K, committed 27392K, reserved 1114112K
  class space    used 2610K, committed 2816K, reserved 1048576K

Card table byte_map: [0x000002e984ca0000,0x000002e984eb0000] _byte_map_base: 0x000002e9846a0000

Marking Bits: (ParMarkBitMap*) 0x00007ff913b652c0
 Begin Bits: [0x000002e996f70000, 0x000002e997f70000)
 End Bits:   [0x000002e997f70000, 0x000002e998f70000)

Polling page: 0x000002e9832e0000

Metaspace:

Usage:
  Non-class:     23.78 MB used.
      Class:      2.55 MB used.
       Both:     26.33 MB used.

Virtual space:
  Non-class space:       64.00 MB reserved,      24.00 MB ( 38%) committed,  1 nodes.
      Class space:        1.00 GB reserved,       2.75 MB ( <1%) committed,  1 nodes.
             Both:        1.06 GB reserved,      26.75 MB (  2%) committed. 

Chunk freelists:
   Non-Class:  8.01 MB
       Class:  13.12 MB
        Both:  21.13 MB

MaxMetaspaceSize: unlimited
CompressedClassSpaceSize: 1.00 GB
Initial GC threshold: 21.00 MB
Current GC threshold: 35.00 MB
CDS: off
MetaspaceReclaimPolicy: balanced
 - commit_granule_bytes: 65536.
 - commit_granule_words: 8192.
 - virtual_space_node_default_size: 8388608.
 - enlarge_chunks_in_place: 1.
 - new_chunks_are_fully_committed: 0.
 - uncommit_free_chunks: 1.
 - use_allocation_guard: 0.
 - handle_deallocations: 1.


Internal statistics:

num_allocs_failed_limit: 3.
num_arena_births: 200.
num_arena_deaths: 14.
num_vsnodes_births: 2.
num_vsnodes_deaths: 0.
num_space_committed: 428.
num_space_uncommitted: 0.
num_chunks_returned_to_freelist: 17.
num_chunks_taken_from_freelist: 881.
num_chunk_merges: 7.
num_chunk_splits: 604.
num_chunks_enlarged: 433.
num_inconsistent_stats: 0.

CodeHeap 'non-profiled nmethods': size=120000Kb used=822Kb max_used=822Kb free=119177Kb
 bounds [0x000002e98fa40000, 0x000002e98fcb0000, 0x000002e996f70000]
CodeHeap 'profiled nmethods': size=120000Kb used=4524Kb max_used=4524Kb free=115475Kb
 bounds [0x000002e987f70000, 0x000002e9883e0000, 0x000002e98f4a0000]
CodeHeap 'non-nmethods': size=5760Kb used=1228Kb max_used=1245Kb free=4531Kb
 bounds [0x000002e98f4a0000, 0x000002e98f710000, 0x000002e98fa40000]
 total_blobs=2812 nmethods=2271 adapters=455
 compilation: enabled
              stopped_count=0, restarted_count=0
 full_count=0

Compilation events (20 events):
Event: 1.904 Thread 0x000002e99e4f5bc0 2270       3       java.lang.invoke.DirectMethodHandle::preparedLambdaForm (244 bytes)
Event: 1.905 Thread 0x000002e99e4f5bc0 nmethod 2270 0x000002e9883d5290 code [0x000002e9883d5580, 0x000002e9883d64b8]
Event: 1.906 Thread 0x000002e99e4f5bc0 2271       1       sun.nio.fs.WindowsPath::getFileSystem (5 bytes)
Event: 1.906 Thread 0x000002e99e4f5bc0 nmethod 2271 0x000002e98fb0d410 code [0x000002e98fb0d5a0, 0x000002e98fb0d678]
Event: 1.909 Thread 0x000002e99e4f5bc0 2272       3       java.util.StringTokenizer::countTokens (46 bytes)
Event: 1.909 Thread 0x000002e99e4f5bc0 nmethod 2272 0x000002e9883d6a90 code [0x000002e9883d6c40, 0x000002e9883d6ed8]
Event: 1.909 Thread 0x000002e99e4f5bc0 2274       2       java.util.HashSet::add (20 bytes)
Event: 1.909 Thread 0x000002e99e4f5bc0 nmethod 2274 0x000002e9883d7010 code [0x000002e9883d71a0, 0x000002e9883d72e8]
Event: 1.909 Thread 0x000002e99e4f5bc0 2275       3       java.lang.invoke.MethodType$ConcurrentWeakInternSet::add (66 bytes)
Event: 1.910 Thread 0x000002e99e4f5bc0 nmethod 2275 0x000002e9883d7390 code [0x000002e9883d75e0, 0x000002e9883d82c8]
Event: 1.910 Thread 0x000002e99e4f5bc0 2277       3       java.lang.invoke.MethodType$ConcurrentWeakInternSet$WeakEntry::<init> (15 bytes)
Event: 1.910 Thread 0x000002e99e4f5bc0 nmethod 2277 0x000002e9883d8790 code [0x000002e9883d8960, 0x000002e9883d8ce8]
Event: 1.910 Thread 0x000002e99e4f5bc0 2276       3       jdk.internal.org.objectweb.asm.MethodWriter::visitCode (1 bytes)
Event: 1.910 Thread 0x000002e99e4f5bc0 nmethod 2276 0x000002e9883d8e90 code [0x000002e9883d9020, 0x000002e9883d9138]
Event: 1.911 Thread 0x000002e99e4f5bc0 2278   !   3       jdk.internal.reflect.NativeConstructorAccessorImpl::newInstance (122 bytes)
Event: 1.912 Thread 0x000002e99e4f5bc0 nmethod 2278 0x000002e9883d9210 code [0x000002e9883d9460, 0x000002e9883d9fa8]
Event: 1.912 Thread 0x000002e99e4f5bc0 2280       3       java.util.Locale::equals (75 bytes)
Event: 1.912 Thread 0x000002e99e4f5bc0 nmethod 2280 0x000002e9883da490 code [0x000002e9883da6a0, 0x000002e9883dadd8]
Event: 1.941 Thread 0x000002e99e4f5bc0 2281       3       jdk.internal.reflect.ClassFileAssembler::setStack (25 bytes)
Event: 1.941 Thread 0x000002e99e4f5bc0 nmethod 2281 0x000002e9883daf90 code [0x000002e9883db120, 0x000002e9883db278]

GC Heap History (12 events):
Event: 0.745 GC heap before
{Heap before GC invocations=1 (full 0):
 PSYoungGen      total 29696K, used 25600K [0x00000000eab00000, 0x00000000ecc00000, 0x0000000100000000)
  eden space 25600K, 100% used [0x00000000eab00000,0x00000000ec400000,0x00000000ec400000)
  from space 4096K, 0% used [0x00000000ec800000,0x00000000ec800000,0x00000000ecc00000)
  to   space 4096K, 0% used [0x00000000ec400000,0x00000000ec400000,0x00000000ec800000)
 ParOldGen       total 68608K, used 0K [0x00000000c0000000, 0x00000000c4300000, 0x00000000eab00000)
  object space 68608K, 0% used [0x00000000c0000000,0x00000000c0000000,0x00000000c4300000)
 Metaspace       used 11181K, committed 11328K, reserved 1114112K
  class space    used 1122K, committed 1216K, reserved 1048576K
}
Event: 0.751 GC heap after
{Heap after GC invocations=1 (full 0):
 PSYoungGen      total 29696K, used 3218K [0x00000000eab00000, 0x00000000ecc00000, 0x0000000100000000)
  eden space 25600K, 0% used [0x00000000eab00000,0x00000000eab00000,0x00000000ec400000)
  from space 4096K, 78% used [0x00000000ec400000,0x00000000ec724820,0x00000000ec800000)
  to   space 4096K, 0% used [0x00000000ec800000,0x00000000ec800000,0x00000000ecc00000)
 ParOldGen       total 68608K, used 16K [0x00000000c0000000, 0x00000000c4300000, 0x00000000eab00000)
  object space 68608K, 0% used [0x00000000c0000000,0x00000000c0004000,0x00000000c4300000)
 Metaspace       used 11181K, committed 11328K, reserved 1114112K
  class space    used 1122K, committed 1216K, reserved 1048576K
}
Event: 1.096 GC heap before
{Heap before GC invocations=2 (full 0):
 PSYoungGen      total 29696K, used 28818K [0x00000000eab00000, 0x00000000ecc00000, 0x0000000100000000)
  eden space 25600K, 100% used [0x00000000eab00000,0x00000000ec400000,0x00000000ec400000)
  from space 4096K, 78% used [0x00000000ec400000,0x00000000ec724820,0x00000000ec800000)
  to   space 4096K, 0% used [0x00000000ec800000,0x00000000ec800000,0x00000000ecc00000)
 ParOldGen       total 68608K, used 16K [0x00000000c0000000, 0x00000000c4300000, 0x00000000eab00000)
  object space 68608K, 0% used [0x00000000c0000000,0x00000000c0004000,0x00000000c4300000)
 Metaspace       used 15261K, committed 15552K, reserved 1114112K
  class space    used 1554K, committed 1728K, reserved 1048576K
}
Event: 1.100 GC heap after
{Heap after GC invocations=2 (full 0):
 PSYoungGen      total 29696K, used 4078K [0x00000000eab00000, 0x00000000ecc00000, 0x0000000100000000)
  eden space 25600K, 0% used [0x00000000eab00000,0x00000000eab00000,0x00000000ec400000)
  from space 4096K, 99% used [0x00000000ec800000,0x00000000ecbfbbf8,0x00000000ecc00000)
  to   space 4096K, 0% used [0x00000000ec400000,0x00000000ec400000,0x00000000ec800000)
 ParOldGen       total 68608K, used 712K [0x00000000c0000000, 0x00000000c4300000, 0x00000000eab00000)
  object space 68608K, 1% used [0x00000000c0000000,0x00000000c00b2010,0x00000000c4300000)
 Metaspace       used 15261K, committed 15552K, reserved 1114112K
  class space    used 1554K, committed 1728K, reserved 1048576K
}
Event: 1.460 GC heap before
{Heap before GC invocations=3 (full 0):
 PSYoungGen      total 29696K, used 29678K [0x00000000eab00000, 0x00000000ecc00000, 0x0000000100000000)
  eden space 25600K, 100% used [0x00000000eab00000,0x00000000ec400000,0x00000000ec400000)
  from space 4096K, 99% used [0x00000000ec800000,0x00000000ecbfbbf8,0x00000000ecc00000)
  to   space 4096K, 0% used [0x00000000ec400000,0x00000000ec400000,0x00000000ec800000)
 ParOldGen       total 68608K, used 712K [0x00000000c0000000, 0x00000000c4300000, 0x00000000eab00000)
  object space 68608K, 1% used [0x00000000c0000000,0x00000000c00b2010,0x00000000c4300000)
 Metaspace       used 20478K, committed 20928K, reserved 1114112K
  class space    used 2096K, committed 2304K, reserved 1048576K
}
Event: 1.465 GC heap after
{Heap after GC invocations=3 (full 0):
 PSYoungGen      total 29696K, used 4082K [0x00000000eab00000, 0x00000000ecc00000, 0x0000000100000000)
  eden space 25600K, 0% used [0x00000000eab00000,0x00000000eab00000,0x00000000ec400000)
  from space 4096K, 99% used [0x00000000ec400000,0x00000000ec7fc830,0x00000000ec800000)
  to   space 4096K, 0% used [0x00000000ec800000,0x00000000ec800000,0x00000000ecc00000)
 ParOldGen       total 68608K, used 2839K [0x00000000c0000000, 0x00000000c4300000, 0x00000000eab00000)
  object space 68608K, 4% used [0x00000000c0000000,0x00000000c02c5e80,0x00000000c4300000)
 Metaspace       used 20478K, committed 20928K, reserved 1114112K
  class space    used 2096K, committed 2304K, reserved 1048576K
}
Event: 1.511 GC heap before
{Heap before GC invocations=4 (full 0):
 PSYoungGen      total 29696K, used 8089K [0x00000000eab00000, 0x00000000ecc00000, 0x0000000100000000)
  eden space 25600K, 15% used [0x00000000eab00000,0x00000000eaee9df0,0x00000000ec400000)
  from space 4096K, 99% used [0x00000000ec400000,0x00000000ec7fc830,0x00000000ec800000)
  to   space 4096K, 0% used [0x00000000ec800000,0x00000000ec800000,0x00000000ecc00000)
 ParOldGen       total 68608K, used 2839K [0x00000000c0000000, 0x00000000c4300000, 0x00000000eab00000)
  object space 68608K, 4% used [0x00000000c0000000,0x00000000c02c5e80,0x00000000c4300000)
 Metaspace       used 21081K, committed 21504K, reserved 1114112K
  class space    used 2166K, committed 2368K, reserved 1048576K
}
Event: 1.513 GC heap after
{Heap after GC invocations=4 (full 0):
 PSYoungGen      total 29696K, used 4092K [0x00000000eab00000, 0x00000000ecc00000, 0x0000000100000000)
  eden space 25600K, 0% used [0x00000000eab00000,0x00000000eab00000,0x00000000ec400000)
  from space 4096K, 99% used [0x00000000ec800000,0x00000000ecbff0d8,0x00000000ecc00000)
  to   space 4096K, 0% used [0x00000000ec400000,0x00000000ec400000,0x00000000ec800000)
 ParOldGen       total 68608K, used 3039K [0x00000000c0000000, 0x00000000c4300000, 0x00000000eab00000)
  object space 68608K, 4% used [0x00000000c0000000,0x00000000c02f7e80,0x00000000c4300000)
 Metaspace       used 21081K, committed 21504K, reserved 1114112K
  class space    used 2166K, committed 2368K, reserved 1048576K
}
Event: 1.513 GC heap before
{Heap before GC invocations=5 (full 1):
 PSYoungGen      total 29696K, used 4092K [0x00000000eab00000, 0x00000000ecc00000, 0x0000000100000000)
  eden space 25600K, 0% used [0x00000000eab00000,0x00000000eab00000,0x00000000ec400000)
  from space 4096K, 99% used [0x00000000ec800000,0x00000000ecbff0d8,0x00000000ecc00000)
  to   space 4096K, 0% used [0x00000000ec400000,0x00000000ec400000,0x00000000ec800000)
 ParOldGen       total 68608K, used 3039K [0x00000000c0000000, 0x00000000c4300000, 0x00000000eab00000)
  object space 68608K, 4% used [0x00000000c0000000,0x00000000c02f7e80,0x00000000c4300000)
 Metaspace       used 21081K, committed 21504K, reserved 1114112K
  class space    used 2166K, committed 2368K, reserved 1048576K
}
Event: 1.532 GC heap after
{Heap after GC invocations=5 (full 1):
 PSYoungGen      total 29696K, used 0K [0x00000000eab00000, 0x00000000ecc00000, 0x0000000100000000)
  eden space 25600K, 0% used [0x00000000eab00000,0x00000000eab00000,0x00000000ec400000)
  from space 4096K, 0% used [0x00000000ec800000,0x00000000ec800000,0x00000000ecc00000)
  to   space 4096K, 0% used [0x00000000ec400000,0x00000000ec400000,0x00000000ec800000)
 ParOldGen       total 68608K, used 6906K [0x00000000c0000000, 0x00000000c4300000, 0x00000000eab00000)
  object space 68608K, 10% used [0x00000000c0000000,0x00000000c06be9e0,0x00000000c4300000)
 Metaspace       used 21068K, committed 21504K, reserved 1114112K
  class space    used 2162K, committed 2368K, reserved 1048576K
}
Event: 1.751 GC heap before
{Heap before GC invocations=6 (full 1):
 PSYoungGen      total 29696K, used 25600K [0x00000000eab00000, 0x00000000ecc00000, 0x0000000100000000)
  eden space 25600K, 100% used [0x00000000eab00000,0x00000000ec400000,0x00000000ec400000)
  from space 4096K, 0% used [0x00000000ec800000,0x00000000ec800000,0x00000000ecc00000)
  to   space 4096K, 0% used [0x00000000ec400000,0x00000000ec400000,0x00000000ec800000)
 ParOldGen       total 68608K, used 6906K [0x00000000c0000000, 0x00000000c4300000, 0x00000000eab00000)
  object space 68608K, 10% used [0x00000000c0000000,0x00000000c06be9e0,0x00000000c4300000)
 Metaspace       used 24581K, committed 25024K, reserved 1114112K
  class space    used 2422K, committed 2624K, reserved 1048576K
}
Event: 1.751 GC heap after
{Heap after GC invocations=6 (full 1):
 PSYoungGen      total 26112K, used 807K [0x00000000eab00000, 0x00000000ec880000, 0x0000000100000000)
  eden space 25088K, 0% used [0x00000000eab00000,0x00000000eab00000,0x00000000ec380000)
  from space 1024K, 78% used [0x00000000ec400000,0x00000000ec4c9da0,0x00000000ec500000)
  to   space 2560K, 0% used [0x00000000ec600000,0x00000000ec600000,0x00000000ec880000)
 ParOldGen       total 68608K, used 6914K [0x00000000c0000000, 0x00000000c4300000, 0x00000000eab00000)
  object space 68608K, 10% used [0x00000000c0000000,0x00000000c06c09e0,0x00000000c4300000)
 Metaspace       used 24581K, committed 25024K, reserved 1114112K
  class space    used 2422K, committed 2624K, reserved 1048576K
}

Dll operation events (11 events):
Event: 0.010 Loaded shared library c:\Users\Harsh Jethva\.vscode\extensions\redhat.java-1.18.0-win32-x64\jre\17.0.7-win32-x86_64\bin\java.dll
Event: 0.160 Loaded shared library c:\Users\Harsh Jethva\.vscode\extensions\redhat.java-1.18.0-win32-x64\jre\17.0.7-win32-x86_64\bin\zip.dll
Event: 0.164 Loaded shared library C:\Users\Harsh Jethva\.vscode\extensions\redhat.java-1.18.0-win32-x64\jre\17.0.7-win32-x86_64\bin\instrument.dll
Event: 0.177 Loaded shared library C:\Users\Harsh Jethva\.vscode\extensions\redhat.java-1.18.0-win32-x64\jre\17.0.7-win32-x86_64\bin\net.dll
Event: 0.179 Loaded shared library C:\Users\Harsh Jethva\.vscode\extensions\redhat.java-1.18.0-win32-x64\jre\17.0.7-win32-x86_64\bin\nio.dll
Event: 0.185 Loaded shared library C:\Users\Harsh Jethva\.vscode\extensions\redhat.java-1.18.0-win32-x64\jre\17.0.7-win32-x86_64\bin\zip.dll
Event: 0.199 Loaded shared library C:\Users\Harsh Jethva\.vscode\extensions\redhat.java-1.18.0-win32-x64\jre\17.0.7-win32-x86_64\bin\jimage.dll
Event: 0.248 Loaded shared library c:\Users\Harsh Jethva\.vscode\extensions\redhat.java-1.18.0-win32-x64\jre\17.0.7-win32-x86_64\bin\verify.dll
Event: 1.016 Loaded shared library C:\Users\Harsh Jethva\AppData\Roaming\Code\User\globalStorage\redhat.java\1.18.0\config_ss_win\org.eclipse.equinox.launcher\org.eclipse.equinox.launcher.win32.win32.x86_64_1.2.700.v20221108-1024\eclipse_11801.dll
Event: 1.404 Loaded shared library C:\Users\Harsh Jethva\.vscode\extensions\redhat.java-1.18.0-win32-x64\jre\17.0.7-win32-x86_64\bin\management.dll
Event: 1.407 Loaded shared library C:\Users\Harsh Jethva\.vscode\extensions\redhat.java-1.18.0-win32-x64\jre\17.0.7-win32-x86_64\bin\management_ext.dll

Deoptimization events (20 events):
Event: 1.275 Thread 0x000002e9a00a7080 DEOPT PACKING pc=0x000002e98fa64348 sp=0x000000f05e9f7e40
Event: 1.275 Thread 0x000002e9a00a7080 DEOPT UNPACKING pc=0x000002e98f4f66a3 sp=0x000000f05e9f7dd8 mode 2
Event: 1.896 Thread 0x000002e9a00a7080 DEOPT PACKING pc=0x000002e988044688 sp=0x000000f05e9fcd40
Event: 1.896 Thread 0x000002e9a00a7080 DEOPT UNPACKING pc=0x000002e98f4f6e43 sp=0x000000f05e9fc248 mode 0
Event: 1.901 Thread 0x000002e9a00a7080 Uncommon trap: trap_request=0xffffffc6 fr.pc=0x000002e98fab0004 relative=0x00000000000009c4
Event: 1.901 Thread 0x000002e9a00a7080 Uncommon trap: reason=bimorphic_or_optimized_type_check action=maybe_recompile pc=0x000002e98fab0004 method=java.util.HashMap.putVal(ILjava/lang/Object;Ljava/lang/Object;ZZ)Ljava/lang/Object; @ 56 c2
Event: 1.901 Thread 0x000002e9a00a7080 DEOPT PACKING pc=0x000002e98fab0004 sp=0x000000f05e9fd830
Event: 1.901 Thread 0x000002e9a00a7080 DEOPT UNPACKING pc=0x000002e98f4f66a3 sp=0x000000f05e9fd730 mode 2
Event: 1.901 Thread 0x000002e9a00a7080 Uncommon trap: trap_request=0xffffffc6 fr.pc=0x000002e98fab0004 relative=0x00000000000009c4
Event: 1.901 Thread 0x000002e9a00a7080 Uncommon trap: reason=bimorphic_or_optimized_type_check action=maybe_recompile pc=0x000002e98fab0004 method=java.util.HashMap.putVal(ILjava/lang/Object;Ljava/lang/Object;ZZ)Ljava/lang/Object; @ 56 c2
Event: 1.901 Thread 0x000002e9a00a7080 DEOPT PACKING pc=0x000002e98fab0004 sp=0x000000f05e9fd830
Event: 1.901 Thread 0x000002e9a00a7080 DEOPT UNPACKING pc=0x000002e98f4f66a3 sp=0x000000f05e9fd730 mode 2
Event: 1.901 Thread 0x000002e9a00a7080 Uncommon trap: trap_request=0xffffffc6 fr.pc=0x000002e98fab0004 relative=0x00000000000009c4
Event: 1.901 Thread 0x000002e9a00a7080 Uncommon trap: reason=bimorphic_or_optimized_type_check action=maybe_recompile pc=0x000002e98fab0004 method=java.util.HashMap.putVal(ILjava/lang/Object;Ljava/lang/Object;ZZ)Ljava/lang/Object; @ 56 c2
Event: 1.901 Thread 0x000002e9a00a7080 DEOPT PACKING pc=0x000002e98fab0004 sp=0x000000f05e9fd830
Event: 1.901 Thread 0x000002e9a00a7080 DEOPT UNPACKING pc=0x000002e98f4f66a3 sp=0x000000f05e9fd730 mode 2
Event: 1.901 Thread 0x000002e9a00a7080 Uncommon trap: trap_request=0xffffffc6 fr.pc=0x000002e98fab0004 relative=0x00000000000009c4
Event: 1.901 Thread 0x000002e9a00a7080 Uncommon trap: reason=bimorphic_or_optimized_type_check action=maybe_recompile pc=0x000002e98fab0004 method=java.util.HashMap.putVal(ILjava/lang/Object;Ljava/lang/Object;ZZ)Ljava/lang/Object; @ 56 c2
Event: 1.901 Thread 0x000002e9a00a7080 DEOPT PACKING pc=0x000002e98fab0004 sp=0x000000f05e9fd830
Event: 1.901 Thread 0x000002e9a00a7080 DEOPT UNPACKING pc=0x000002e98f4f66a3 sp=0x000000f05e9fd730 mode 2

Classes unloaded (7 events):
Event: 1.515 Thread 0x000002e99e4b31c0 Unloading class 0x0000000100212400 'java/lang/invoke/LambdaForm$MH+0x0000000100212400'
Event: 1.515 Thread 0x000002e99e4b31c0 Unloading class 0x0000000100212000 'java/lang/invoke/LambdaForm$MH+0x0000000100212000'
Event: 1.515 Thread 0x000002e99e4b31c0 Unloading class 0x0000000100211c00 'java/lang/invoke/LambdaForm$MH+0x0000000100211c00'
Event: 1.515 Thread 0x000002e99e4b31c0 Unloading class 0x0000000100211400 'java/lang/invoke/LambdaForm$MH+0x0000000100211400'
Event: 1.515 Thread 0x000002e99e4b31c0 Unloading class 0x0000000100211000 'java/lang/invoke/LambdaForm$BMH+0x0000000100211000'
Event: 1.515 Thread 0x000002e99e4b31c0 Unloading class 0x0000000100210c00 'java/lang/invoke/LambdaForm$DMH+0x0000000100210c00'
Event: 1.515 Thread 0x000002e99e4b31c0 Unloading class 0x000000010020e000 'java/lang/invoke/LambdaForm$DMH+0x000000010020e000'

Classes redefined (0 events):
No events

Internal exceptions (20 events):
Event: 1.490 Thread 0x000002e9a00a7080 Exception <a 'java/lang/NoSuchMethodError'{0x00000000eacb2598}: 'java.lang.Object java.lang.invoke.DirectMethodHandle$Holder.invokeSpecial(java.lang.Object, java.lang.Object, java.lang.Object, int, java.lang.Object, java.lang.Object)'> (0x00000000eacb2598) 
thrown [s\src\hotspot\share\interpreter\linkResolver.cpp, line 759]
Event: 1.491 Thread 0x000002e9a00a7080 Exception <a 'java/lang/NoSuchMethodError'{0x00000000eaccfc80}: 'java.lang.Object java.lang.invoke.DirectMethodHandle$Holder.newInvokeSpecial(java.lang.Object, java.lang.Object, java.lang.Object, int, java.lang.Object)'> (0x00000000eaccfc80) 
thrown [s\src\hotspot\share\interpreter\linkResolver.cpp, line 759]
Event: 1.491 Thread 0x000002e9a00a7080 Exception <a 'java/lang/NoSuchMethodError'{0x00000000eacd40d8}: 'java.lang.Object java.lang.invoke.DirectMethodHandle$Holder.invokeSpecial(java.lang.Object, java.lang.Object, java.lang.Object, java.lang.Object, int, java.lang.Object)'> (0x00000000eacd40d8) 
thrown [s\src\hotspot\share\interpreter\linkResolver.cpp, line 759]
Event: 1.492 Thread 0x000002e99fbbf610 Exception <a 'java/lang/NoSuchMethodError'{0x00000000eabfc938}: 'java.lang.Object java.lang.invoke.DirectMethodHandle$Holder.invokeSpecial(java.lang.Object, java.lang.Object, int, java.lang.Object, java.lang.Object)'> (0x00000000eabfc938) 
thrown [s\src\hotspot\share\interpreter\linkResolver.cpp, line 759]
Event: 1.493 Thread 0x000002e99fbbf610 Exception <a 'java/lang/NoSuchMethodError'{0x00000000eac04008}: 'java.lang.Object java.lang.invoke.DirectMethodHandle$Holder.newInvokeSpecial(java.lang.Object, java.lang.Object, int, java.lang.Object)'> (0x00000000eac04008) 
thrown [s\src\hotspot\share\interpreter\linkResolver.cpp, line 759]
Event: 1.493 Thread 0x000002e99fbbf610 Exception <a 'java/lang/NoSuchMethodError'{0x00000000eac07b18}: 'java.lang.Object java.lang.invoke.DirectMethodHandle$Holder.invokeSpecial(java.lang.Object, java.lang.Object, java.lang.Object, int, java.lang.Object)'> (0x00000000eac07b18) 
thrown [s\src\hotspot\share\interpreter\linkResolver.cpp, line 759]
Event: 1.653 Thread 0x000002e9a00a7080 Exception <a 'java/io/FileNotFoundException'{0x00000000ebb02bb0}> (0x00000000ebb02bb0) 
thrown [s\src\hotspot\share\prims\jni.cpp, line 516]
Event: 1.653 Thread 0x000002e9a00a7080 Exception <a 'java/io/FileNotFoundException'{0x00000000ebb039f8}> (0x00000000ebb039f8) 
thrown [s\src\hotspot\share\prims\jni.cpp, line 516]
Event: 1.653 Thread 0x000002e9a00a7080 Exception <a 'java/io/FileNotFoundException'{0x00000000ebb04850}> (0x00000000ebb04850) 
thrown [s\src\hotspot\share\prims\jni.cpp, line 516]
Event: 1.749 Thread 0x000002e9a00a7080 Exception <a 'java/lang/NoSuchMethodError'{0x00000000ec3cd3f8}: 'int java.lang.invoke.DirectMethodHandle$Holder.invokeStaticInit(java.lang.Object, java.lang.Object, java.lang.Object)'> (0x00000000ec3cd3f8) 
thrown [s\src\hotspot\share\interpreter\linkResolver.cpp, line 759]
Event: 1.849 Thread 0x000002e9a00a7080 Exception <a 'java/io/FileNotFoundException'{0x00000000eb57bfb8}> (0x00000000eb57bfb8) 
thrown [s\src\hotspot\share\prims\jni.cpp, line 516]
Event: 1.879 Thread 0x000002e9a00a7080 Exception <a 'java/io/FileNotFoundException'{0x00000000ebf51750}> (0x00000000ebf51750) 
thrown [s\src\hotspot\share\prims\jni.cpp, line 516]
Event: 1.893 Thread 0x000002e9a00a7080 Exception <a 'java/lang/NoSuchMethodError'{0x00000000ebffa090}: 'void java.lang.invoke.DirectMethodHandle$Holder.invokeVirtual(java.lang.Object, java.lang.Object)'> (0x00000000ebffa090) 
thrown [s\src\hotspot\share\interpreter\linkResolver.cpp, line 759]
Event: 1.899 Thread 0x000002e9a00a7080 Exception <a 'java/io/FileNotFoundException'{0x00000000ec082b50}> (0x00000000ec082b50) 
thrown [s\src\hotspot\share\prims\jni.cpp, line 516]
Event: 1.905 Thread 0x000002e9a00a7080 Exception <a 'sun/nio/fs/WindowsException'{0x00000000ec0d0c10}> (0x00000000ec0d0c10) 
thrown [s\src\hotspot\share\prims\jni.cpp, line 516]
Event: 1.906 Thread 0x000002e9a00a7080 Exception <a 'sun/nio/fs/WindowsException'{0x00000000ec0dacc8}> (0x00000000ec0dacc8) 
thrown [s\src\hotspot\share\prims\jni.cpp, line 516]
Event: 1.906 Thread 0x000002e9a00a7080 Exception <a 'sun/nio/fs/WindowsException'{0x00000000ec0e1e18}> (0x00000000ec0e1e18) 
thrown [s\src\hotspot\share\prims\jni.cpp, line 516]
Event: 1.906 Thread 0x000002e9a00a7080 Exception <a 'sun/nio/fs/WindowsException'{0x00000000ec0e2b70}> (0x00000000ec0e2b70) 
thrown [s\src\hotspot\share\prims\jni.cpp, line 516]
Event: 1.916 Thread 0x000002e9a00a7080 Exception <a 'sun/nio/fs/WindowsException'{0x00000000ec198460}> (0x00000000ec198460) 
thrown [s\src\hotspot\share\prims\jni.cpp, line 516]
Event: 1.917 Thread 0x000002e9a00a7080 Exception <a 'sun/nio/fs/WindowsException'{0x00000000ec198a50}> (0x00000000ec198a50) 
thrown [s\src\hotspot\share\prims\jni.cpp, line 516]

VM Operations (20 events):
Event: 1.096 Executing VM operation: ParallelGCFailedAllocation
Event: 1.100 Executing VM operation: ParallelGCFailedAllocation done
Event: 1.242 Executing VM operation: HandshakeAllThreads
Event: 1.242 Executing VM operation: HandshakeAllThreads done
Event: 1.275 Executing VM operation: HandshakeAllThreads
Event: 1.275 Executing VM operation: HandshakeAllThreads done
Event: 1.277 Executing VM operation: HandshakeAllThreads
Event: 1.277 Executing VM operation: HandshakeAllThreads done
Event: 1.362 Executing VM operation: HandshakeAllThreads
Event: 1.362 Executing VM operation: HandshakeAllThreads done
Event: 1.460 Executing VM operation: ParallelGCFailedAllocation
Event: 1.465 Executing VM operation: ParallelGCFailedAllocation done
Event: 1.501 Executing VM operation: HandshakeAllThreads
Event: 1.501 Executing VM operation: HandshakeAllThreads done
Event: 1.510 Executing VM operation: CollectForMetadataAllocation
Event: 1.532 Executing VM operation: CollectForMetadataAllocation done
Event: 1.750 Executing VM operation: ParallelGCFailedAllocation
Event: 1.751 Executing VM operation: ParallelGCFailedAllocation done
Event: 1.901 Executing VM operation: HandshakeAllThreads
Event: 1.901 Executing VM operation: HandshakeAllThreads done

Events (20 events):
Event: 1.914 loading class sun/util/resources/TimeZoneNames_en
Event: 1.914 loading class sun/util/resources/TimeZoneNames_en done
Event: 1.917 loading class sun/nio/fs/WindowsChannelFactory$2
Event: 1.917 loading class sun/nio/fs/WindowsChannelFactory$2 done
Event: 1.917 loading class java/nio/channels/Channels
Event: 1.918 loading class java/nio/channels/Channels done
Event: 1.918 loading class java/nio/channels/Channels$1
Event: 1.918 loading class java/nio/channels/Channels$1 done
Event: 1.918 loading class java/nio/channels/SelectableChannel
Event: 1.918 loading class java/nio/channels/SelectableChannel done
Event: 1.918 loading class sun/nio/ch/Util
Event: 1.919 loading class sun/nio/ch/Util done
Event: 1.919 loading class sun/nio/ch/Util$1
Event: 1.919 loading class sun/nio/ch/Util$1 done
Event: 1.919 loading class sun/nio/ch/Util$BufferCache
Event: 1.919 loading class sun/nio/ch/Util$BufferCache done
Event: 1.919 loading class java/nio/DirectByteBuffer$Deallocator
Event: 1.920 loading class java/nio/DirectByteBuffer$Deallocator done
Event: 1.920 loading class sun/nio/ch/IOStatus
Event: 1.920 loading class sun/nio/ch/IOStatus done


Dynamic libraries:
0x00007ff741d90000 - 0x00007ff741d9e000 	c:\Users\Harsh Jethva\.vscode\extensions\redhat.java-1.18.0-win32-x64\jre\17.0.7-win32-x86_64\bin\java.exe
0x00007ff9a95b0000 - 0x00007ff9a97c4000 	C:\WINDOWS\SYSTEM32\ntdll.dll
0x00007ff9a8b60000 - 0x00007ff9a8c22000 	C:\WINDOWS\System32\KERNEL32.DLL
0x00007ff9a6d20000 - 0x00007ff9a70c3000 	C:\WINDOWS\System32\KERNELBASE.dll
0x00007ff9a6c00000 - 0x00007ff9a6d11000 	C:\WINDOWS\System32\ucrtbase.dll
0x00007ff975470000 - 0x00007ff975489000 	c:\Users\Harsh Jethva\.vscode\extensions\redhat.java-1.18.0-win32-x64\jre\17.0.7-win32-x86_64\bin\VCRUNTIME140.dll
0x00007ff975490000 - 0x00007ff9754a7000 	c:\Users\Harsh Jethva\.vscode\extensions\redhat.java-1.18.0-win32-x64\jre\17.0.7-win32-x86_64\bin\jli.dll
0x00007ff9a8f80000 - 0x00007ff9a912b000 	C:\WINDOWS\System32\USER32.dll
0x00007ff98a430000 - 0x00007ff98a6be000 	C:\WINDOWS\WinSxS\amd64_microsoft.windows.common-controls_6595b64144ccf1df_6.0.22621.1635_none_270f70857386168e\COMCTL32.dll
0x00007ff9a7380000 - 0x00007ff9a73a6000 	C:\WINDOWS\System32\win32u.dll
0x00007ff9a94c0000 - 0x00007ff9a9567000 	C:\WINDOWS\System32\msvcrt.dll
0x00007ff9a77e0000 - 0x00007ff9a7809000 	C:\WINDOWS\System32\GDI32.dll
0x00007ff9a6ae0000 - 0x00007ff9a6bf8000 	C:\WINDOWS\System32\gdi32full.dll
0x00007ff9a69d0000 - 0x00007ff9a6a6a000 	C:\WINDOWS\System32\msvcp_win.dll
0x00007ff9a9480000 - 0x00007ff9a94b1000 	C:\WINDOWS\System32\IMM32.DLL
0x00007ff994150000 - 0x00007ff99415c000 	c:\Users\Harsh Jethva\.vscode\extensions\redhat.java-1.18.0-win32-x64\jre\17.0.7-win32-x86_64\bin\vcruntime140_1.dll
0x00007ff968d90000 - 0x00007ff968e21000 	c:\Users\Harsh Jethva\.vscode\extensions\redhat.java-1.18.0-win32-x64\jre\17.0.7-win32-x86_64\bin\msvcp140.dll
0x00007ff912fe0000 - 0x00007ff913c28000 	c:\Users\Harsh Jethva\.vscode\extensions\redhat.java-1.18.0-win32-x64\jre\17.0.7-win32-x86_64\bin\server\jvm.dll
0x00007ff9a9230000 - 0x00007ff9a92de000 	C:\WINDOWS\System32\ADVAPI32.dll
0x00007ff9a7db0000 - 0x00007ff9a7e54000 	C:\WINDOWS\System32\sechost.dll
0x00007ff9a7810000 - 0x00007ff9a7927000 	C:\WINDOWS\System32\RPCRT4.dll
0x00007ff99f5f0000 - 0x00007ff99f5f9000 	C:\WINDOWS\SYSTEM32\WSOCK32.dll
0x00007ff9a7f40000 - 0x00007ff9a7fb1000 	C:\WINDOWS\System32\WS2_32.dll
0x00007ff99ed60000 - 0x00007ff99ed6a000 	C:\WINDOWS\SYSTEM32\VERSION.dll
0x00007ff9a0d00000 - 0x00007ff9a0d34000 	C:\WINDOWS\SYSTEM32\WINMM.dll
0x00007ff9a59e0000 - 0x00007ff9a59f8000 	C:\WINDOWS\SYSTEM32\kernel.appcore.dll
0x00007ff98a1b0000 - 0x00007ff98a1ba000 	c:\Users\Harsh Jethva\.vscode\extensions\redhat.java-1.18.0-win32-x64\jre\17.0.7-win32-x86_64\bin\jimage.dll
0x00007ff994d50000 - 0x00007ff994f7e000 	C:\WINDOWS\SYSTEM32\DBGHELP.DLL
0x00007ff9a7440000 - 0x00007ff9a77c9000 	C:\WINDOWS\System32\combase.dll
0x00007ff9a7e60000 - 0x00007ff9a7f37000 	C:\WINDOWS\System32\OLEAUT32.dll
0x00007ff9878c0000 - 0x00007ff9878f2000 	C:\WINDOWS\SYSTEM32\dbgcore.DLL
0x00007ff9a7190000 - 0x00007ff9a720b000 	C:\WINDOWS\System32\bcryptPrimitives.dll
0x00007ff989e50000 - 0x00007ff989e5e000 	c:\Users\Harsh Jethva\.vscode\extensions\redhat.java-1.18.0-win32-x64\jre\17.0.7-win32-x86_64\bin\instrument.dll
0x00007ff971510000 - 0x00007ff971535000 	c:\Users\Harsh Jethva\.vscode\extensions\redhat.java-1.18.0-win32-x64\jre\17.0.7-win32-x86_64\bin\java.dll
0x00007ff971710000 - 0x00007ff971728000 	c:\Users\Harsh Jethva\.vscode\extensions\redhat.java-1.18.0-win32-x64\jre\17.0.7-win32-x86_64\bin\zip.dll
0x00007ff9a81d0000 - 0x00007ff9a89ca000 	C:\WINDOWS\System32\SHELL32.dll
0x00007ff9a4980000 - 0x00007ff9a524e000 	C:\WINDOWS\SYSTEM32\windows.storage.dll
0x00007ff9a4840000 - 0x00007ff9a497e000 	C:\WINDOWS\SYSTEM32\wintypes.dll
0x00007ff9a9130000 - 0x00007ff9a9221000 	C:\WINDOWS\System32\SHCORE.dll
0x00007ff9a8120000 - 0x00007ff9a817e000 	C:\WINDOWS\System32\shlwapi.dll
0x00007ff9a6900000 - 0x00007ff9a6921000 	C:\WINDOWS\SYSTEM32\profapi.dll
0x00007ff9714f0000 - 0x00007ff971509000 	C:\Users\Harsh Jethva\.vscode\extensions\redhat.java-1.18.0-win32-x64\jre\17.0.7-win32-x86_64\bin\net.dll
0x00007ff99f470000 - 0x00007ff99f5a7000 	C:\WINDOWS\SYSTEM32\WINHTTP.dll
0x00007ff9a5e50000 - 0x00007ff9a5eb9000 	C:\WINDOWS\system32\mswsock.dll
0x00007ff9713f0000 - 0x00007ff971405000 	C:\Users\Harsh Jethva\.vscode\extensions\redhat.java-1.18.0-win32-x64\jre\17.0.7-win32-x86_64\bin\nio.dll
0x00007ff983950000 - 0x00007ff983960000 	c:\Users\Harsh Jethva\.vscode\extensions\redhat.java-1.18.0-win32-x64\jre\17.0.7-win32-x86_64\bin\verify.dll
0x00007ff97b320000 - 0x00007ff97b35e000 	C:\Users\Harsh Jethva\AppData\Roaming\Code\User\globalStorage\redhat.java\1.18.0\config_ss_win\org.eclipse.equinox.launcher\org.eclipse.equinox.launcher.win32.win32.x86_64_1.2.700.v20221108-1024\eclipse_11801.dll
0x00007ff9a92e0000 - 0x00007ff9a947c000 	C:\WINDOWS\System32\ole32.dll
0x00007ff9943d0000 - 0x00007ff9943d9000 	C:\Users\Harsh Jethva\.vscode\extensions\redhat.java-1.18.0-win32-x64\jre\17.0.7-win32-x86_64\bin\management.dll
0x00007ff9943c0000 - 0x00007ff9943cb000 	C:\Users\Harsh Jethva\.vscode\extensions\redhat.java-1.18.0-win32-x64\jre\17.0.7-win32-x86_64\bin\management_ext.dll
0x00007ff9a8c30000 - 0x00007ff9a8c38000 	C:\WINDOWS\System32\PSAPI.DLL

dbghelp: loaded successfully - version: 4.0.5 - missing functions: none
symbol engine: initialized successfully - sym options: 0x614 - pdb path: .;c:\Users\Harsh Jethva\.vscode\extensions\redhat.java-1.18.0-win32-x64\jre\17.0.7-win32-x86_64\bin;C:\WINDOWS\SYSTEM32;C:\WINDOWS\WinSxS\amd64_microsoft.windows.common-controls_6595b64144ccf1df_6.0.22621.1635_none_270f70857386168e;c:\Users\Harsh Jethva\.vscode\extensions\redhat.java-1.18.0-win32-x64\jre\17.0.7-win32-x86_64\bin\server;C:\Users\Harsh Jethva\AppData\Roaming\Code\User\globalStorage\redhat.java\1.18.0\config_ss_win\org.eclipse.equinox.launcher\org.eclipse.equinox.launcher.win32.win32.x86_64_1.2.700.v20221108-1024

VM Arguments:
jvm_args: --add-modules=ALL-SYSTEM --add-opens=java.base/java.util=ALL-UNNAMED --add-opens=java.base/java.lang=ALL-UNNAMED --add-opens=java.base/sun.nio.fs=ALL-UNNAMED -Declipse.application=org.eclipse.jdt.ls.core.id1 -Dosgi.bundles.defaultStartLevel=4 -Declipse.product=org.eclipse.jdt.ls.core.product -Djava.import.generatesMetadataFilesAtProjectRoot=false -Dfile.encoding=utf8 -XX:+UseParallelGC -XX:GCTimeRatio=4 -XX:AdaptiveSizePolicyWeight=90 -Dsun.zip.disableMemoryMapping=true -Xmx1G -Xms100m -Xlog:disable -javaagent:c:\Users\Harsh Jethva\.vscode\extensions\redhat.java-1.18.0-win32-x64\lombok\lombok-1.18.27.jar 
java_command: c:\Users\Harsh Jethva\.vscode\extensions\redhat.java-1.18.0-win32-x64\server\plugins\org.eclipse.equinox.launcher_1.6.400.v20210924-0641.jar -configuration c:\Users\Harsh Jethva\AppData\Roaming\Code\User\globalStorage\redhat.java\1.18.0\config_ss_win -data c:\Users\Harsh Jethva\AppData\Roaming\Code\User\workspaceStorage\3aafe0d63ee6716f9daa2b10ec85038b\redhat.java\ss_ws
java_class_path (initial): c:\Users\Harsh Jethva\.vscode\extensions\redhat.java-1.18.0-win32-x64\server\plugins\org.eclipse.equinox.launcher_1.6.400.v20210924-0641.jar
Launcher Type: SUN_STANDARD

[Global flags]
    uintx AdaptiveSizePolicyWeight                 = 90                                        {product} {command line}
     intx CICompilerCount                          = 4                                         {product} {ergonomic}
    uintx GCTimeRatio                              = 4                                         {product} {command line}
   size_t InitialHeapSize                          = 104857600                                 {product} {command line}
   size_t MaxHeapSize                              = 1073741824                                {product} {command line}
   size_t MaxNewSize                               = 357564416                                 {product} {ergonomic}
   size_t MinHeapDeltaBytes                        = 524288                                    {product} {ergonomic}
   size_t MinHeapSize                              = 104857600                                 {product} {command line}
   size_t NewSize                                  = 34603008                                  {product} {ergonomic}
    uintx NonNMethodCodeHeapSize                   = 5839372                                {pd product} {ergonomic}
    uintx NonProfiledCodeHeapSize                  = 122909434                              {pd product} {ergonomic}
   size_t OldSize                                  = 70254592                                  {product} {ergonomic}
    uintx ProfiledCodeHeapSize                     = 122909434                              {pd product} {ergonomic}
    uintx ReservedCodeCacheSize                    = 251658240                              {pd product} {ergonomic}
     bool SegmentedCodeCache                       = true                                      {product} {ergonomic}
   size_t SoftMaxHeapSize                          = 1073741824                             {manageable} {ergonomic}
     bool UseCompressedClassPointers               = true                           {product lp64_product} {ergonomic}
     bool UseCompressedOops                        = true                           {product lp64_product} {ergonomic}
     bool UseLargePagesIndividualAllocation        = false                                  {pd product} {ergonomic}
     bool UseParallelGC                            = true                                      {product} {command line}

Logging:
Log output configuration:
 #0: stdout all=off uptime,level,tags
 #1: stderr all=off uptime,level,tags

Environment Variables:
JAVA_HOME=C:\Program Files\Java\jdk-19
PATH=C:\Windows\system32;C:\Windows;C:\Windows\System32\Wbem;C:\Windows\System32\WindowsPowerShell\v1.0\;C:\Windows\System32\OpenSSH\;C:\Program Files\NVIDIA Corporation\NVIDIA NvDLISR;C:\Apps\JDk\bin;C:\Program Files\Microsoft SQL Server\130\Tools\Binn\;C:\Program Files (x86)\NVIDIA Corporation\PhysX\Common;C:\xampp\php;C:\ProgramData\ComposerSetup\bin;C:\WINDOWS\system32;C:\WINDOWS;C:\WINDOWS\System32\Wbem;C:\WINDOWS\System32\WindowsPowerShell\v1.0\;C:\WINDOWS\System32\OpenSSH\;C:\Program Files\Git\cmd;C:\Apps\nodejs\;C:\Program Files\Microsoft SQL Server\150\Tools\Binn\;C:\Apps\flutter\bin;C:\Program Files\Java\jdk-19\bin;C:\Users\Harsh Jethva\AppData\Local\Pub\Cache\bin;C:\Users\Harsh Jethva\AppData\Local\Programs\Python\Python311\Scripts\;C:\Users\Harsh Jethva\AppData\Local\Programs\Python\Python311\;C:\Users\Harsh Jethva\AppData\Local\Microsoft\WindowsApps;C:\Apps\IntelliJ IDEA Community Edition 2023.1\bin;;C:\Users\Harsh Jethva\AppData\Roaming\Composer\vendor\bin;C:\Apps\Microsoft VS Code\bin;C:\Users\Harsh Jethva\AppData\Roaming\npm;C:\Users\Harsh Jethva\AppData\Local\GitHubDesktop\bin;C:\Users\Harsh Jethva\AppData\Local\Pub\Cache\bin;
USERNAME=Harsh Jethva
OS=Windows_NT
PROCESSOR_IDENTIFIER=AMD64 Family 25 Model 80 Stepping 0, AuthenticAMD
TMP=C:\Users\Harsh Jethva\AppData\Local\Temp
TEMP=C:\Users\Harsh Jethva\AppData\Local\Temp



---------------  S Y S T E M  ---------------

OS:
 Windows 11 , 64 bit Build 22621 (10.0.22621.1635)
OS uptime: 0 days 4:02 hours
Hyper-V role detected

CPU: total 12 (initial active 12) (12 cores per cpu, 2 threads per core) family 25 model 80 stepping 0 microcode 0x0, cx8, cmov, fxsr, ht, mmx, 3dnowpref, sse, sse2, sse3, ssse3, sse4a, sse4.1, sse4.2, popcnt, lzcnt, tsc, tscinvbit, avx, avx2, aes, erms, clmul, bmi1, bmi2, adx, sha, fma, vzeroupper, clflush, clflushopt, hv

Memory: 4k page, system-wide physical 7521M (28M free)
TotalPageFile size 14521M (AvailPageFile size 0M)
current process WorkingSet (physical memory assigned to process): 122M, peak: 122M
current process commit charge ("private bytes"): 236M, peak: 237M

vm_info: OpenJDK 64-Bit Server VM (17.0.7+7) for windows-amd64 JRE (17.0.7+7), built on Apr 18 2023 22:10:42 by "temurin" with MS VC++ 16.7 (VS2019)

END.
